#
# There is insufficient memory for the Java Runtime Environment to continue.
# Native memory allocation (mmap) failed to map 119537664 bytes for Failed to commit area from 0x00000000d3c00000 to 0x00000000dae00000 of length 119537664.
# Possible reasons:
#   The system is out of physical RAM or swap space
#   The process is running with CompressedOops enabled, and the Java Heap may be blocking the growth of the native heap
# Possible solutions:
#   Reduce memory load on the system
#   Increase physical memory or swap space
#   Check if swap backing store is full
#   Decrease Java heap size (-Xmx/-Xms)
#   Decrease number of Java threads
#   Decrease Java thread stack sizes (-Xss)
#   Set larger code cache with -XX:ReservedCodeCacheSize=
#   JVM is running with Unscaled Compressed Oops mode in which the Java heap is
#     placed in the first 4GB address space. The Java Heap base address is the
#     maximum limit for the native heap growth. Please use -XX:HeapBaseMinAddress
#     to set the Java Heap base and to place the Java Heap above 4GB virtual address.
# This output file may be truncated or incomplete.
#
#  Out of Memory Error (./src/hotspot/os/windows/os_windows.cpp:3380), pid=8088, tid=21796
#
# JRE version: OpenJDK Runtime Environment Microsoft-25199 (11.0.12+7) (build 11.0.12+7)
# Java VM: OpenJDK 64-Bit Server VM Microsoft-25199 (11.0.12+7, mixed mode, tiered, compressed oops, g1 gc, windows-amd64)
# No core dump will be written. Minidumps are not enabled by default on client versions of Windows
#

---------------  S U M M A R Y ------------

Command Line: -Xmx1G com.android.tools.r8.D8 --debug --min-api 21 --output obj\Debug\net6.0-android\android\bin\ --lib C:\Program Files (x86)\Android\android-sdk\platforms\android-31\android.jar obj\Debug\net6.0-android\android\bin\classes.zip C:\Program Files\dotnet\packs\Microsoft.Android.Ref.31\32.0.448\ref\net6.0\mono.android.jar C:\Program Files\dotnet\packs\Microsoft.Android.Sdk.Windows\32.0.448\tools\java_runtime_fastdev_net6.jar C:\Users\pole0002\.nuget\packages\xamarin.jetbrains.annotations\23.0.0.3\buildTransitive\net6.0-android31.0\..\..\jar\org.jetbrains.annotations-23.0.0.jar C:\Users\pole0002\.nuget\packages\xamarin.kotlin.stdlib\1.6.20.1\buildTransitive\net6.0-android31.0\..\..\jar\org.jetbrains.kotlin.kotlin-stdlib-1.6.20.jar C:\Users\pole0002\.nuget\packages\xamarin.kotlin.stdlib.jdk7\1.6.20.1\buildTransitive\net6.0-android31.0\..\..\jar\org.jetbrains.kotlin.kotlin-stdlib-jdk7-1.6.20.jar C:\Users\pole0002\.nuget\packages\xamarin.kotlin.stdlib.jdk8\1.6.20.1\buildTransitive\net6.0-android31.0\..\..\jar\org.jetbrains.kotlin.kotlin-stdlib-jdk8-1.6.20.jar C:\Users\pole0002\.nuget\packages\xamarin.kotlinx.coroutines.core.jvm\1.6.0.1\buildTransitive\net6.0-android31.0\..\..\jar\org.jetbrains.kotlinx.kotlinx-coroutines-core-jvm-1.6.0.jar C:\Users\pole0002\.nuget\packages\xamarin.kotlinx.coroutines.android\1.6.0.1\buildTransitive\net6.0-android31.0\..\..\jar\org.jetbrains.kotlinx.kotlinx-coroutines-android-1.6.0.jar C:\Users\pole0002\.nuget\packages\xamarin.google.guava.listenablefuture\1.0.0.5\buildTransitive\net6.0-android31.0\..\..\jar\guava-listenablefuture.jar C:\Users\pole0002\.nuget\packages\xamarin.androidx.annotation\1.3.0.3\buildTransitive\net6.0-android31.0\..\..\jar\androidx.annotation.annotation.jar C:\Users\pole0002\.nuget\packages\xamarin.androidx.collection\1.2.0.3\buildTransitive\net6.0-android31.0\..\..\jar\androidx.collection.collection.jar C:\Users\pole0002\.nuget\packages\xamarin.androidx.lifecycle.common\2.4.1.1\buildTransitive\net6.0-android31.0\..\..\jar\androidx.lifecycle.lifecycle-common.jar C:\Users\pole0002\.nuget\packages\xamarin.androidx.arch.core.common\2.1.0.14\buildTransitive\net6.0-android31.0\..\..\jar\androidx.arch.core.core-common.jar C:\Users\pole0002\.nuget\packages\xamarin.androidx.concurrent.futures\1.1.0.8\buildTransitive\net6.0-android31.0\..\..\jar\androidx.concurrent.concurrent-futures.jar C:\Users\pole0002\.nuget\packages\xamarin.androidx.resourceinspection.annotation\1.0.1.1\buildTransitive\net6.0-android31.0\..\..\jar\androidx.resourceinspection.resourceinspection-annotation.jar C:\Users\pole0002\.nuget\packages\xamarin.androidx.constraintlayout.core\1.0.3.1\buildTransitive\net6.0-android31.0\..\..\jar\androidx.constraintlayout.constraintlayout-core.jar C:\Users\pole0002\.nuget\packages\xamarin.androidx.collection.ktx\1.2.0.3\buildTransitive\net6.0-android31.0\..\..\jar\androidx.collection.collection-ktx.jar C:\Users\pole0002\.nuget\packages\xamarin.android.glide.disklrucache\4.12.0.8\buildTransitive\net6.0-android31.0\..\..\jar\disklrucache.jar C:\Users\pole0002\.nuget\packages\xamarin.android.glide.annotations\4.12.0.8\buildTransitive\net6.0-android31.0\..\..\jar\annotations.jar obj\Debug\net6.0-android\lp\100\jl\classes.jar obj\Debug\net6.0-android\lp\101\jl\classes.jar obj\Debug\net6.0-android\lp\102\jl\classes.jar obj\Debug\net6.0-android\lp\103\jl\classes.jar obj\Debug\net6.0-android\lp\104\jl\classes.jar obj\Debug\net6.0-android\lp\105\jl\classes.jar obj\Debug\net6.0-android\lp\106\jl\classes.jar obj\Debug\net6.0-android\lp\107\jl\classes.jar obj\Debug\net6.0-android\lp\108\jl\classes.jar obj\Debug\net6.0-android\lp\109\jl\classes.jar obj\Debug\net6.0-android\lp\110\jl\classes.jar obj\Debug\net6.0-android\lp\111\jl\classes.jar obj\Debug\net6.0-android\lp\112\jl\classes.jar obj\Debug\net6.0-android\lp\113\jl\classes.jar obj\Debug\net6.0-android\lp\114\jl\classes.jar obj\Debug\net6.0-android\lp\115\jl\classes.jar obj\Debug\net6.0-android\lp\116\jl\classes.jar obj\Debug\net6.0-android\lp\117\jl\classes.jar obj\Debug\net6.0-android\lp\117\jl\libs\repackaged.jar obj\Debug\net6.0-android\lp\118\jl\classes.jar obj\Debug\net6.0-android\lp\119\jl\classes.jar obj\Debug\net6.0-android\lp\120\jl\classes.jar obj\Debug\net6.0-android\lp\121\jl\classes.jar obj\Debug\net6.0-android\lp\122\jl\classes.jar obj\Debug\net6.0-android\lp\123\jl\classes.jar obj\Debug\net6.0-android\lp\124\jl\classes.jar obj\Debug\net6.0-android\lp\125\jl\classes.jar obj\Debug\net6.0-android\lp\126\jl\classes.jar obj\Debug\net6.0-android\lp\127\jl\classes.jar obj\Debug\net6.0-android\lp\128\jl\classes.jar obj\Debug\net6.0-android\lp\129\jl\classes.jar obj\Debug\net6.0-android\lp\130\jl\classes.jar obj\Debug\net6.0-android\lp\131\jl\classes.jar obj\Debug\net6.0-android\lp\132\jl\classes.jar obj\Debug\net6.0-android\lp\133\jl\classes.jar obj\Debug\net6.0-android\lp\134\jl\classes.jar obj\Debug\net6.0-android\lp\135\jl\classes.jar obj\Debug\net6.0-android\lp\136\jl\classes.jar obj\Debug\net6.0-android\lp\137\jl\classes.jar obj\Debug\net6.0-android\lp\138\jl\classes.jar obj\Debug\net6.0-android\lp\139\jl\classes.jar obj\Debug\net6.0-android\lp\140\jl\classes.jar obj\Debug\net6.0-android\lp\141\jl\classes.jar obj\Debug\net6.0-android\lp\142\jl\classes.jar obj\Debug\net6.0-android\lp\143\jl\classes.jar obj\Debug\net6.0-android\lp\144\jl\classes.jar obj\Debug\net6.0-android\lp\145\jl\classes.jar obj\Debug\net6.0-android\lp\147\jl\classes.jar obj\Debug\net6.0-android\lp\148\jl\classes.jar obj\Debug\net6.0-android\lp\149\jl\classes.jar obj\Debug\net6.0-android\lp\150\jl\classes.jar obj\Debug\net6.0-android\lp\151\jl\libs\ED64959F88B22E6D.jar obj\Debug\net6.0-android\lp\154\jl\classes.jar obj\Debug\net6.0-android\lp\157\jl\libs\F975D0960055A5E3.jar obj\Debug\net6.0-android\lp\89\jl\classes.jar obj\Debug\net6.0-android\lp\90\jl\classes.jar obj\Debug\net6.0-android\lp\91\jl\classes.jar obj\Debug\net6.0-android\lp\92\jl\classes.jar obj\Debug\net6.0-android\lp\93\jl\classes.jar obj\Debug\net6.0-android\lp\94\jl\classes.jar obj\Debug\net6.0-android\lp\95\jl\classes.jar obj\Debug\net6.0-android\lp\96\jl\classes.jar obj\Debug\net6.0-android\lp\97\jl\classes.jar obj\Debug\net6.0-android\lp\98\jl\classes.jar obj\Debug\net6.0-android\lp\99\jl\classes.jar

Host: 11th Gen Intel(R) Core(TM) i5-1145G7 @ 2.60GHz, 8 cores, 15G,  Windows 10 , 64 bit Build 19041 (10.0.19041.1889)
Time: Fri Oct 28 23:06:39 2022 W. Europe Daylight Time elapsed time: 7.695584 seconds (0d 0h 0m 7s)

---------------  T H R E A D  ---------------

Current thread (0x0000021046265000):  VMThread "VM Thread" [stack: 0x0000007ee3400000,0x0000007ee3500000] [id=21796]

Stack: [0x0000007ee3400000,0x0000007ee3500000]
[error occurred during error reporting (printing stack bounds), id 0xc0000005, EXCEPTION_ACCESS_VIOLATION (0xc0000005) at pc=0x0000021031eb12e7]

Native frames: (J=compiled Java code, j=interpreted, Vv=VM code, C=native code)
V  [jvm.dll+0x6090fa]
V  [jvm.dll+0x79229e]
V  [jvm.dll+0x79396f]
V  [jvm.dll+0x793f95]
V  [jvm.dll+0x793f4b]
V  [jvm.dll+0x608487]
V  [jvm.dll+0x608b98]
C  [ntdll.dll+0xa241f]
C  [ntdll.dll+0x514a4]
C  [ntdll.dll+0xa0f4e]
C  0x0000021031eb12e7

VM_Operation (0x0000007ee49fc560): G1CollectForAllocation, mode: safepoint, requested by thread 0x0000021047890000


---------------  P R O C E S S  ---------------

Threads class SMR info:
_java_thread_list=0x0000021047902d10, length=16, elements={
0x000002102979b000, 0x0000021046268000, 0x000002104626b800, 0x0000021046aab800,
0x0000021046aac800, 0x0000021046af3800, 0x0000021046b01800, 0x0000021046b07000,
0x0000021046b22800, 0x0000021046c6c800, 0x000002104753a800, 0x000002104788c000,
0x000002104788d000, 0x0000021047890000, 0x0000021047a57800, 0x0000021047584000
}

Java Threads: ( => current thread )
  0x000002102979b000 JavaThread "main" [_thread_blocked, id=13272, stack(0x0000007ee2e00000,0x0000007ee2f00000)]
  0x0000021046268000 JavaThread "Reference Handler" daemon [_thread_blocked, id=36876, stack(0x0000007ee3500000,0x0000007ee3600000)]
  0x000002104626b800 JavaThread "Finalizer" daemon [_thread_blocked, id=35472, stack(0x0000007ee3600000,0x0000007ee3700000)]
  0x0000021046aab800 JavaThread "Signal Dispatcher" daemon [_thread_blocked, id=33796, stack(0x0000007ee3700000,0x0000007ee3800000)]
  0x0000021046aac800 JavaThread "Attach Listener" daemon [_thread_blocked, id=15552, stack(0x0000007ee3800000,0x0000007ee3900000)]
  0x0000021046af3800 JavaThread "Service Thread" daemon [_thread_blocked, id=26664, stack(0x0000007ee3900000,0x0000007ee3a00000)]
  0x0000021046b01800 JavaThread "C2 CompilerThread0" daemon [_thread_in_native, id=30864, stack(0x0000007ee3a00000,0x0000007ee3b00000)]
  0x0000021046b07000 JavaThread "C1 CompilerThread0" daemon [_thread_blocked, id=35164, stack(0x0000007ee3b00000,0x0000007ee3c00000)]
  0x0000021046b22800 JavaThread "Sweeper thread" daemon [_thread_blocked, id=24372, stack(0x0000007ee3c00000,0x0000007ee3d00000)]
  0x0000021046c6c800 JavaThread "Common-Cleaner" daemon [_thread_blocked, id=36816, stack(0x0000007ee3e00000,0x0000007ee3f00000)]
  0x000002104753a800 JavaThread "C2 CompilerThread1" daemon [_thread_in_native, id=19248, stack(0x0000007ee4600000,0x0000007ee4700000)]
  0x000002104788c000 JavaThread "ForkJoinPool-1-worker-3" daemon [_thread_blocked, id=12680, stack(0x0000007ee4700000,0x0000007ee4800000)]
  0x000002104788d000 JavaThread "ForkJoinPool-1-worker-5" daemon [_thread_blocked, id=2948, stack(0x0000007ee4800000,0x0000007ee4900000)]
  0x0000021047890000 JavaThread "ForkJoinPool-1-worker-7" daemon [_thread_blocked, id=33484, stack(0x0000007ee4900000,0x0000007ee4a00000)]
  0x0000021047a57800 JavaThread "ForkJoinPool-1-worker-1" daemon [_thread_blocked, id=24720, stack(0x0000007ee4a00000,0x0000007ee4b00000)]
  0x0000021047584000 JavaThread "C2 CompilerThread2" daemon [_thread_blocked, id=11304, stack(0x0000007ee4b00000,0x0000007ee4c00000)]

Other Threads:
=>0x0000021046265000 VMThread "VM Thread" [stack: 0x0000007ee3400000,0x0000007ee3500000] [id=21796]
  0x0000021046c60800 WatcherThread [stack: 0x0000007ee3d00000,0x0000007ee3e00000] [id=5840]
  0x00000210297b0000 GCTaskThread "GC Thread#0" [stack: 0x0000007ee2f00000,0x0000007ee3000000] [id=18448]
  0x0000021047128000 GCTaskThread "GC Thread#1" [stack: 0x0000007ee3f00000,0x0000007ee4000000] [id=7592]
  0x00000210472ba800 GCTaskThread "GC Thread#2" [stack: 0x0000007ee4000000,0x0000007ee4100000] [id=4588]
  0x00000210472c8000 GCTaskThread "GC Thread#3" [stack: 0x0000007ee4100000,0x0000007ee4200000] [id=18944]
  0x00000210472c8800 GCTaskThread "GC Thread#4" [stack: 0x0000007ee4200000,0x0000007ee4300000] [id=31496]
  0x0000021047468800 GCTaskThread "GC Thread#5" [stack: 0x0000007ee4300000,0x0000007ee4400000] [id=26252]
  0x0000021049f40800 GCTaskThread "GC Thread#6" [stack: 0x0000007ee5000000,0x0000007ee5100000] [id=21084]
  0x00000210297ce800 ConcurrentGCThread "G1 Main Marker" [stack: 0x0000007ee3000000,0x0000007ee3100000] [id=14404]
  0x00000210297d5800 ConcurrentGCThread "G1 Conc#0" [stack: 0x0000007ee3100000,0x0000007ee3200000] [id=35716]
  0x00000210460dc800 ConcurrentGCThread "G1 Refine#0" [stack: 0x0000007ee3200000,0x0000007ee3300000] [id=20252]
  0x0000021046dc3800 ConcurrentGCThread "G1 Refine#1" [stack: 0x0000007ee4400000,0x0000007ee4500000] [id=10036]
  0x0000021047417800 ConcurrentGCThread "G1 Refine#2" [stack: 0x0000007ee4500000,0x0000007ee4600000] [id=10716]
  0x000002104814d800 ConcurrentGCThread "G1 Refine#3" [stack: 0x0000007ee4c00000,0x0000007ee4d00000] [id=37840]
  0x0000021048058000 ConcurrentGCThread "G1 Refine#4" [stack: 0x0000007ee4d00000,0x0000007ee4e00000] [id=2128]
  0x00000210490e0800 ConcurrentGCThread "G1 Refine#5" [stack: 0x0000007ee4e00000,0x0000007ee4f00000] [id=30504]
  0x0000021049443000 ConcurrentGCThread "G1 Refine#6" [stack: 0x0000007ee4f00000,0x0000007ee5000000] [id=28120]
  0x000002102986d800 ConcurrentGCThread "G1 Young RemSet Sampling" [stack: 0x0000007ee3300000,0x0000007ee3400000] [id=31208]

Threads with active compile tasks:
C2 CompilerThread0   7725 2210       4       com.android.tools.r8.graph.y2::a (2719 bytes)
C2 CompilerThread1   7725 2266       4       com.android.tools.r8.internal.Pa::a (4413 bytes)
C2 CompilerThread2   7725 2378       4       com.android.tools.r8.internal.Pa::a (6176 bytes)

VM state:at safepoint (normal execution)

VM Mutex/Monitor currently owned by a thread:  ([mutex/lock_event])
[0x0000021029797010] Threads_lock - owner thread: 0x0000021046265000
[0x0000021029796b90] Heap_lock - owner thread: 0x0000021047890000

Heap address: 0x00000000c0000000, size: 1024 MB, Compressed Oops mode: 32-bit
Narrow klass base: 0x0000000000000000, Narrow klass shift: 3
Compressed class space size: 1073741824 Address: 0x0000000100000000

Heap:
 garbage-first heap   total 440320K, used 175533K [0x00000000c0000000, 0x0000000100000000)
  region size 1024K, 11 young (11264K), 11 survivors (11264K)
 Metaspace       used 16760K, capacity 17094K, committed 17408K, reserved 1064960K
  class space    used 1747K, capacity 1921K, committed 2048K, reserved 1048576K
Heap Regions: E=young(eden), S=young(survivor), O=old, HS=humongous(starts), HC=humongous(continues), CS=collection set, F=free, A=archive, TAMS=top-at-mark-start (previous, next)
|   0|0x00000000c0000000, 0x00000000c0100000, 0x00000000c0100000|100%| O|  |TAMS 0x00000000c0000000, 0x00000000c0100000| Untracked 
|   1|0x00000000c0100000, 0x00000000c0200000, 0x00000000c0200000|100%|HS|  |TAMS 0x00000000c0100000, 0x00000000c0200000| Complete 
|   2|0x00000000c0200000, 0x00000000c0300000, 0x00000000c0300000|100%| O|  |TAMS 0x00000000c0200000, 0x00000000c0300000| Untracked 
|   3|0x00000000c0300000, 0x00000000c0400000, 0x00000000c0400000|100%| O|  |TAMS 0x00000000c0300000, 0x00000000c0400000| Untracked 
|   4|0x00000000c0400000, 0x00000000c0500000, 0x00000000c0500000|100%| O|  |TAMS 0x00000000c0400000, 0x00000000c0500000| Untracked 
|   5|0x00000000c0500000, 0x00000000c0600000, 0x00000000c0600000|100%| O|  |TAMS 0x00000000c0500000, 0x00000000c0600000| Untracked 
|   6|0x00000000c0600000, 0x00000000c0700000, 0x00000000c0700000|100%|HS|  |TAMS 0x00000000c0600000, 0x00000000c0700000| Complete 
|   7|0x00000000c0700000, 0x00000000c0800000, 0x00000000c0800000|100%|HC|  |TAMS 0x00000000c0700000, 0x00000000c0800000| Complete 
|   8|0x00000000c0800000, 0x00000000c0900000, 0x00000000c0900000|100%| O|  |TAMS 0x00000000c0800000, 0x00000000c0900000| Untracked 
|   9|0x00000000c0900000, 0x00000000c0a00000, 0x00000000c0a00000|100%| O|  |TAMS 0x00000000c0900000, 0x00000000c0a00000| Untracked 
|  10|0x00000000c0a00000, 0x00000000c0b00000, 0x00000000c0b00000|100%| O|  |TAMS 0x00000000c0a00000, 0x00000000c0b00000| Untracked 
|  11|0x00000000c0b00000, 0x00000000c0c00000, 0x00000000c0c00000|100%| O|  |TAMS 0x00000000c0b00000, 0x00000000c0c00000| Untracked 
|  12|0x00000000c0c00000, 0x00000000c0d00000, 0x00000000c0d00000|100%| O|  |TAMS 0x00000000c0c00000, 0x00000000c0d00000| Untracked 
|  13|0x00000000c0d00000, 0x00000000c0e00000, 0x00000000c0e00000|100%| O|  |TAMS 0x00000000c0d00000, 0x00000000c0e00000| Untracked 
|  14|0x00000000c0e00000, 0x00000000c0f00000, 0x00000000c0f00000|100%| O|  |TAMS 0x00000000c0e00000, 0x00000000c0f00000| Untracked 
|  15|0x00000000c0f00000, 0x00000000c1000000, 0x00000000c1000000|100%| O|  |TAMS 0x00000000c0f00000, 0x00000000c1000000| Untracked 
|  16|0x00000000c1000000, 0x00000000c1100000, 0x00000000c1100000|100%| O|  |TAMS 0x00000000c1000000, 0x00000000c1100000| Untracked 
|  17|0x00000000c1100000, 0x00000000c1200000, 0x00000000c1200000|100%| O|  |TAMS 0x00000000c1100000, 0x00000000c1200000| Untracked 
|  18|0x00000000c1200000, 0x00000000c1300000, 0x00000000c1300000|100%| O|  |TAMS 0x00000000c1200000, 0x00000000c1300000| Untracked 
|  19|0x00000000c1300000, 0x00000000c1400000, 0x00000000c1400000|100%| O|  |TAMS 0x00000000c1300000, 0x00000000c1400000| Untracked 
|  20|0x00000000c1400000, 0x00000000c1500000, 0x00000000c1500000|100%| O|  |TAMS 0x00000000c1400000, 0x00000000c1500000| Untracked 
|  21|0x00000000c1500000, 0x00000000c1600000, 0x00000000c1600000|100%| O|  |TAMS 0x00000000c1500000, 0x00000000c1600000| Untracked 
|  22|0x00000000c1600000, 0x00000000c1700000, 0x00000000c1700000|100%| O|  |TAMS 0x00000000c1600000, 0x00000000c1700000| Untracked 
|  23|0x00000000c1700000, 0x00000000c1800000, 0x00000000c1800000|100%| O|  |TAMS 0x00000000c1700000, 0x00000000c1800000| Untracked 
|  24|0x00000000c1800000, 0x00000000c1900000, 0x00000000c1900000|100%| O|  |TAMS 0x00000000c1800000, 0x00000000c1900000| Untracked 
|  25|0x00000000c1900000, 0x00000000c1a00000, 0x00000000c1a00000|100%| O|  |TAMS 0x00000000c1900000, 0x00000000c1a00000| Untracked 
|  26|0x00000000c1a00000, 0x00000000c1b00000, 0x00000000c1b00000|100%| O|  |TAMS 0x00000000c1a00000, 0x00000000c1b00000| Untracked 
|  27|0x00000000c1b00000, 0x00000000c1c00000, 0x00000000c1c00000|100%| O|  |TAMS 0x00000000c1b00000, 0x00000000c1c00000| Untracked 
|  28|0x00000000c1c00000, 0x00000000c1d00000, 0x00000000c1d00000|100%| O|  |TAMS 0x00000000c1c00000, 0x00000000c1d00000| Untracked 
|  29|0x00000000c1d00000, 0x00000000c1e00000, 0x00000000c1e00000|100%| O|  |TAMS 0x00000000c1d00000, 0x00000000c1e00000| Untracked 
|  30|0x00000000c1e00000, 0x00000000c1f00000, 0x00000000c1f00000|100%| O|  |TAMS 0x00000000c1e00000, 0x00000000c1f00000| Untracked 
|  31|0x00000000c1f00000, 0x00000000c2000000, 0x00000000c2000000|100%| O|  |TAMS 0x00000000c1f00000, 0x00000000c2000000| Untracked 
|  32|0x00000000c2000000, 0x00000000c2100000, 0x00000000c2100000|100%| O|  |TAMS 0x00000000c2000000, 0x00000000c2100000| Untracked 
|  33|0x00000000c2100000, 0x00000000c2200000, 0x00000000c2200000|100%| O|  |TAMS 0x00000000c2100000, 0x00000000c2200000| Untracked 
|  34|0x00000000c2200000, 0x00000000c2300000, 0x00000000c2300000|100%| O|  |TAMS 0x00000000c2200000, 0x00000000c2300000| Untracked 
|  35|0x00000000c2300000, 0x00000000c2400000, 0x00000000c2400000|100%| O|  |TAMS 0x00000000c2300000, 0x00000000c2400000| Untracked 
|  36|0x00000000c2400000, 0x00000000c2500000, 0x00000000c2500000|100%| O|  |TAMS 0x00000000c2400000, 0x00000000c2500000| Untracked 
|  37|0x00000000c2500000, 0x00000000c2600000, 0x00000000c2600000|100%| O|  |TAMS 0x00000000c2500000, 0x00000000c2600000| Untracked 
|  38|0x00000000c2600000, 0x00000000c2700000, 0x00000000c2700000|100%| O|  |TAMS 0x00000000c2600000, 0x00000000c2700000| Untracked 
|  39|0x00000000c2700000, 0x00000000c2800000, 0x00000000c2800000|100%| O|  |TAMS 0x00000000c2700000, 0x00000000c2800000| Untracked 
|  40|0x00000000c2800000, 0x00000000c2900000, 0x00000000c2900000|100%| O|  |TAMS 0x00000000c2800000, 0x00000000c2900000| Untracked 
|  41|0x00000000c2900000, 0x00000000c2a00000, 0x00000000c2a00000|100%| O|  |TAMS 0x00000000c2900000, 0x00000000c2a00000| Untracked 
|  42|0x00000000c2a00000, 0x00000000c2b00000, 0x00000000c2b00000|100%| O|  |TAMS 0x00000000c2a00000, 0x00000000c2b00000| Untracked 
|  43|0x00000000c2b00000, 0x00000000c2c00000, 0x00000000c2c00000|100%| O|  |TAMS 0x00000000c2b00000, 0x00000000c2c00000| Untracked 
|  44|0x00000000c2c00000, 0x00000000c2d00000, 0x00000000c2d00000|100%| O|  |TAMS 0x00000000c2c00000, 0x00000000c2d00000| Untracked 
|  45|0x00000000c2d00000, 0x00000000c2e00000, 0x00000000c2e00000|100%| O|  |TAMS 0x00000000c2d00000, 0x00000000c2e00000| Untracked 
|  46|0x00000000c2e00000, 0x00000000c2f00000, 0x00000000c2f00000|100%| O|  |TAMS 0x00000000c2e00000, 0x00000000c2f00000| Untracked 
|  47|0x00000000c2f00000, 0x00000000c3000000, 0x00000000c3000000|100%| O|  |TAMS 0x00000000c2f00000, 0x00000000c3000000| Untracked 
|  48|0x00000000c3000000, 0x00000000c3100000, 0x00000000c3100000|100%| O|  |TAMS 0x00000000c3000000, 0x00000000c3100000| Untracked 
|  49|0x00000000c3100000, 0x00000000c3200000, 0x00000000c3200000|100%| O|  |TAMS 0x00000000c3100000, 0x00000000c3200000| Untracked 
|  50|0x00000000c3200000, 0x00000000c3300000, 0x00000000c3300000|100%| O|  |TAMS 0x00000000c3200000, 0x00000000c3300000| Untracked 
|  51|0x00000000c3300000, 0x00000000c3400000, 0x00000000c3400000|100%| O|  |TAMS 0x00000000c3300000, 0x00000000c3400000| Untracked 
|  52|0x00000000c3400000, 0x00000000c3500000, 0x00000000c3500000|100%| O|  |TAMS 0x00000000c3400000, 0x00000000c3500000| Untracked 
|  53|0x00000000c3500000, 0x00000000c3600000, 0x00000000c3600000|100%| O|  |TAMS 0x00000000c3500000, 0x00000000c3600000| Untracked 
|  54|0x00000000c3600000, 0x00000000c3700000, 0x00000000c3700000|100%| O|  |TAMS 0x00000000c3600000, 0x00000000c3700000| Untracked 
|  55|0x00000000c3700000, 0x00000000c3800000, 0x00000000c3800000|100%| O|  |TAMS 0x00000000c3700000, 0x00000000c3800000| Untracked 
|  56|0x00000000c3800000, 0x00000000c3900000, 0x00000000c3900000|100%| O|  |TAMS 0x00000000c3800000, 0x00000000c3900000| Untracked 
|  57|0x00000000c3900000, 0x00000000c3a00000, 0x00000000c3a00000|100%| O|  |TAMS 0x00000000c3900000, 0x00000000c3a00000| Untracked 
|  58|0x00000000c3a00000, 0x00000000c3b00000, 0x00000000c3b00000|100%| O|  |TAMS 0x00000000c3a00000, 0x00000000c3b00000| Untracked 
|  59|0x00000000c3b00000, 0x00000000c3c00000, 0x00000000c3c00000|100%| O|  |TAMS 0x00000000c3b00000, 0x00000000c3c00000| Untracked 
|  60|0x00000000c3c00000, 0x00000000c3d00000, 0x00000000c3d00000|100%| O|  |TAMS 0x00000000c3c00000, 0x00000000c3d00000| Untracked 
|  61|0x00000000c3d00000, 0x00000000c3e00000, 0x00000000c3e00000|100%| O|  |TAMS 0x00000000c3d00000, 0x00000000c3e00000| Untracked 
|  62|0x00000000c3e00000, 0x00000000c3f00000, 0x00000000c3f00000|100%| O|  |TAMS 0x00000000c3e00000, 0x00000000c3f00000| Untracked 
|  63|0x00000000c3f00000, 0x00000000c4000000, 0x00000000c4000000|100%| O|  |TAMS 0x00000000c3f00000, 0x00000000c4000000| Untracked 
|  64|0x00000000c4000000, 0x00000000c4100000, 0x00000000c4100000|100%| O|  |TAMS 0x00000000c4000000, 0x00000000c4100000| Untracked 
|  65|0x00000000c4100000, 0x00000000c4200000, 0x00000000c4200000|100%| O|  |TAMS 0x00000000c4100000, 0x00000000c4200000| Untracked 
|  66|0x00000000c4200000, 0x00000000c4300000, 0x00000000c4300000|100%| O|  |TAMS 0x00000000c4200000, 0x00000000c4300000| Untracked 
|  67|0x00000000c4300000, 0x00000000c4400000, 0x00000000c4400000|100%| O|  |TAMS 0x00000000c4300000, 0x00000000c4400000| Untracked 
|  68|0x00000000c4400000, 0x00000000c4500000, 0x00000000c4500000|100%| O|  |TAMS 0x00000000c4400000, 0x00000000c4500000| Untracked 
|  69|0x00000000c4500000, 0x00000000c4600000, 0x00000000c4600000|100%| O|  |TAMS 0x00000000c4500000, 0x00000000c4600000| Untracked 
|  70|0x00000000c4600000, 0x00000000c4700000, 0x00000000c4700000|100%| O|  |TAMS 0x00000000c4600000, 0x00000000c4700000| Untracked 
|  71|0x00000000c4700000, 0x00000000c4800000, 0x00000000c4800000|100%| O|  |TAMS 0x00000000c4700000, 0x00000000c4800000| Untracked 
|  72|0x00000000c4800000, 0x00000000c4900000, 0x00000000c4900000|100%| O|  |TAMS 0x00000000c4800000, 0x00000000c4900000| Untracked 
|  73|0x00000000c4900000, 0x00000000c4a00000, 0x00000000c4a00000|100%| O|  |TAMS 0x00000000c4900000, 0x00000000c4a00000| Untracked 
|  74|0x00000000c4a00000, 0x00000000c4b00000, 0x00000000c4b00000|100%|HS|  |TAMS 0x00000000c4a00000, 0x00000000c4b00000| Complete 
|  75|0x00000000c4b00000, 0x00000000c4c00000, 0x00000000c4c00000|100%|HS|  |TAMS 0x00000000c4b00000, 0x00000000c4c00000| Complete 
|  76|0x00000000c4c00000, 0x00000000c4d00000, 0x00000000c4d00000|100%| O|  |TAMS 0x00000000c4c00000, 0x00000000c4d00000| Untracked 
|  77|0x00000000c4d00000, 0x00000000c4e00000, 0x00000000c4e00000|100%| O|  |TAMS 0x00000000c4d00000, 0x00000000c4e00000| Untracked 
|  78|0x00000000c4e00000, 0x00000000c4f00000, 0x00000000c4f00000|100%| O|  |TAMS 0x00000000c4e00000, 0x00000000c4f00000| Untracked 
|  79|0x00000000c4f00000, 0x00000000c5000000, 0x00000000c5000000|100%| O|  |TAMS 0x00000000c4f00000, 0x00000000c5000000| Untracked 
|  80|0x00000000c5000000, 0x00000000c5100000, 0x00000000c5100000|100%| O|  |TAMS 0x00000000c5000000, 0x00000000c5100000| Untracked 
|  81|0x00000000c5100000, 0x00000000c5200000, 0x00000000c5200000|100%| O|  |TAMS 0x00000000c5100000, 0x00000000c5200000| Untracked 
|  82|0x00000000c5200000, 0x00000000c5300000, 0x00000000c5300000|100%| O|  |TAMS 0x00000000c5200000, 0x00000000c5300000| Untracked 
|  83|0x00000000c5300000, 0x00000000c5400000, 0x00000000c5400000|100%| O|  |TAMS 0x00000000c5300000, 0x00000000c5400000| Untracked 
|  84|0x00000000c5400000, 0x00000000c5500000, 0x00000000c5500000|100%| O|  |TAMS 0x00000000c5400000, 0x00000000c5500000| Untracked 
|  85|0x00000000c5500000, 0x00000000c5600000, 0x00000000c5600000|100%| O|  |TAMS 0x00000000c5500000, 0x00000000c5600000| Untracked 
|  86|0x00000000c5600000, 0x00000000c5700000, 0x00000000c5700000|100%| O|  |TAMS 0x00000000c5600000, 0x00000000c5700000| Untracked 
|  87|0x00000000c5700000, 0x00000000c5800000, 0x00000000c5800000|100%|HS|  |TAMS 0x00000000c5700000, 0x00000000c5800000| Complete 
|  88|0x00000000c5800000, 0x00000000c5900000, 0x00000000c5900000|100%|HS|  |TAMS 0x00000000c5800000, 0x00000000c5900000| Complete 
|  89|0x00000000c5900000, 0x00000000c5a00000, 0x00000000c5a00000|100%| O|  |TAMS 0x00000000c5900000, 0x00000000c5a00000| Untracked 
|  90|0x00000000c5a00000, 0x00000000c5b00000, 0x00000000c5b00000|100%| O|  |TAMS 0x00000000c5a00000, 0x00000000c5b00000| Untracked 
|  91|0x00000000c5b00000, 0x00000000c5c00000, 0x00000000c5c00000|100%| O|  |TAMS 0x00000000c5b00000, 0x00000000c5c00000| Untracked 
|  92|0x00000000c5c00000, 0x00000000c5d00000, 0x00000000c5d00000|100%| O|  |TAMS 0x00000000c5c00000, 0x00000000c5d00000| Untracked 
|  93|0x00000000c5d00000, 0x00000000c5e00000, 0x00000000c5e00000|100%| O|  |TAMS 0x00000000c5d00000, 0x00000000c5e00000| Untracked 
|  94|0x00000000c5e00000, 0x00000000c5f00000, 0x00000000c5f00000|100%| O|  |TAMS 0x00000000c5e00000, 0x00000000c5f00000| Untracked 
|  95|0x00000000c5f00000, 0x00000000c6000000, 0x00000000c6000000|100%| O|  |TAMS 0x00000000c5f00000, 0x00000000c6000000| Untracked 
|  96|0x00000000c6000000, 0x00000000c6100000, 0x00000000c6100000|100%| O|  |TAMS 0x00000000c6000000, 0x00000000c6100000| Untracked 
|  97|0x00000000c6100000, 0x00000000c6200000, 0x00000000c6200000|100%| O|  |TAMS 0x00000000c6100000, 0x00000000c6200000| Untracked 
|  98|0x00000000c6200000, 0x00000000c6300000, 0x00000000c6300000|100%| O|  |TAMS 0x00000000c6200000, 0x00000000c6300000| Untracked 
|  99|0x00000000c6300000, 0x00000000c6400000, 0x00000000c6400000|100%| O|  |TAMS 0x00000000c6300000, 0x00000000c6400000| Untracked 
| 100|0x00000000c6400000, 0x00000000c6500000, 0x00000000c6500000|100%| O|  |TAMS 0x00000000c6400000, 0x00000000c6500000| Untracked 
| 101|0x00000000c6500000, 0x00000000c6600000, 0x00000000c6600000|100%| O|  |TAMS 0x00000000c6500000, 0x00000000c6600000| Untracked 
| 102|0x00000000c6600000, 0x00000000c6700000, 0x00000000c6700000|100%| O|  |TAMS 0x00000000c6600000, 0x00000000c6700000| Untracked 
| 103|0x00000000c6700000, 0x00000000c6800000, 0x00000000c6800000|100%| O|  |TAMS 0x00000000c6700000, 0x00000000c6800000| Untracked 
| 104|0x00000000c6800000, 0x00000000c6900000, 0x00000000c6900000|100%| O|  |TAMS 0x00000000c6800000, 0x00000000c6900000| Untracked 
| 105|0x00000000c6900000, 0x00000000c6a00000, 0x00000000c6a00000|100%| O|  |TAMS 0x00000000c6900000, 0x00000000c6a00000| Untracked 
| 106|0x00000000c6a00000, 0x00000000c6b00000, 0x00000000c6b00000|100%| O|  |TAMS 0x00000000c6a00000, 0x00000000c6b00000| Untracked 
| 107|0x00000000c6b00000, 0x00000000c6c00000, 0x00000000c6c00000|100%| O|  |TAMS 0x00000000c6b00000, 0x00000000c6c00000| Untracked 
| 108|0x00000000c6c00000, 0x00000000c6d00000, 0x00000000c6d00000|100%| O|  |TAMS 0x00000000c6c00000, 0x00000000c6d00000| Untracked 
| 109|0x00000000c6d00000, 0x00000000c6e00000, 0x00000000c6e00000|100%| O|  |TAMS 0x00000000c6d00000, 0x00000000c6e00000| Untracked 
| 110|0x00000000c6e00000, 0x00000000c6f00000, 0x00000000c6f00000|100%| O|  |TAMS 0x00000000c6e00000, 0x00000000c6f00000| Untracked 
| 111|0x00000000c6f00000, 0x00000000c7000000, 0x00000000c7000000|100%| O|  |TAMS 0x00000000c6f00000, 0x00000000c7000000| Untracked 
| 112|0x00000000c7000000, 0x00000000c7100000, 0x00000000c7100000|100%| O|  |TAMS 0x00000000c7000000, 0x00000000c7100000| Untracked 
| 113|0x00000000c7100000, 0x00000000c7200000, 0x00000000c7200000|100%| O|  |TAMS 0x00000000c7100000, 0x00000000c7200000| Untracked 
| 114|0x00000000c7200000, 0x00000000c7300000, 0x00000000c7300000|100%| O|  |TAMS 0x00000000c7200000, 0x00000000c7300000| Untracked 
| 115|0x00000000c7300000, 0x00000000c7400000, 0x00000000c7400000|100%| O|  |TAMS 0x00000000c7300000, 0x00000000c7400000| Untracked 
| 116|0x00000000c7400000, 0x00000000c7500000, 0x00000000c7500000|100%| O|  |TAMS 0x00000000c7400000, 0x00000000c7500000| Untracked 
| 117|0x00000000c7500000, 0x00000000c7600000, 0x00000000c7600000|100%| O|  |TAMS 0x00000000c7500000, 0x00000000c7600000| Untracked 
| 118|0x00000000c7600000, 0x00000000c7700000, 0x00000000c7700000|100%| O|  |TAMS 0x00000000c7600000, 0x00000000c7700000| Untracked 
| 119|0x00000000c7700000, 0x00000000c7800000, 0x00000000c7800000|100%| O|  |TAMS 0x00000000c7700000, 0x00000000c7800000| Untracked 
| 120|0x00000000c7800000, 0x00000000c7900000, 0x00000000c7900000|100%| O|  |TAMS 0x00000000c7800000, 0x00000000c7900000| Untracked 
| 121|0x00000000c7900000, 0x00000000c7a00000, 0x00000000c7a00000|100%| O|  |TAMS 0x00000000c7900000, 0x00000000c7a00000| Untracked 
| 122|0x00000000c7a00000, 0x00000000c7b00000, 0x00000000c7b00000|100%| O|  |TAMS 0x00000000c7a00000, 0x00000000c7b00000| Untracked 
| 123|0x00000000c7b00000, 0x00000000c7c00000, 0x00000000c7c00000|100%| O|  |TAMS 0x00000000c7b00000, 0x00000000c7c00000| Untracked 
| 124|0x00000000c7c00000, 0x00000000c7d00000, 0x00000000c7d00000|100%| O|  |TAMS 0x00000000c7c00000, 0x00000000c7d00000| Untracked 
| 125|0x00000000c7d00000, 0x00000000c7e00000, 0x00000000c7e00000|100%| O|  |TAMS 0x00000000c7d00000, 0x00000000c7e00000| Untracked 
| 126|0x00000000c7e00000, 0x00000000c7f00000, 0x00000000c7f00000|100%| O|  |TAMS 0x00000000c7e00000, 0x00000000c7f00000| Untracked 
| 127|0x00000000c7f00000, 0x00000000c8000000, 0x00000000c8000000|100%| O|  |TAMS 0x00000000c7f00000, 0x00000000c8000000| Untracked 
| 128|0x00000000c8000000, 0x00000000c8100000, 0x00000000c8100000|100%| O|  |TAMS 0x00000000c8000000, 0x00000000c8100000| Untracked 
| 129|0x00000000c8100000, 0x00000000c8200000, 0x00000000c8200000|100%| O|  |TAMS 0x00000000c8100000, 0x00000000c8200000| Untracked 
| 130|0x00000000c8200000, 0x00000000c8300000, 0x00000000c8300000|100%| O|  |TAMS 0x00000000c8200000, 0x00000000c8300000| Untracked 
| 131|0x00000000c8300000, 0x00000000c8400000, 0x00000000c8400000|100%| O|  |TAMS 0x00000000c8300000, 0x00000000c8400000| Untracked 
| 132|0x00000000c8400000, 0x00000000c8500000, 0x00000000c8500000|100%| O|  |TAMS 0x00000000c8400000, 0x00000000c8500000| Untracked 
| 133|0x00000000c8500000, 0x00000000c8600000, 0x00000000c8600000|100%| O|  |TAMS 0x00000000c8500000, 0x00000000c8600000| Untracked 
| 134|0x00000000c8600000, 0x00000000c8700000, 0x00000000c8700000|100%| O|  |TAMS 0x00000000c8600000, 0x00000000c8700000| Untracked 
| 135|0x00000000c8700000, 0x00000000c8800000, 0x00000000c8800000|100%| O|  |TAMS 0x00000000c8700000, 0x00000000c8800000| Untracked 
| 136|0x00000000c8800000, 0x00000000c8900000, 0x00000000c8900000|100%| O|  |TAMS 0x00000000c8800000, 0x00000000c8900000| Untracked 
| 137|0x00000000c8900000, 0x00000000c8a00000, 0x00000000c8a00000|100%| O|  |TAMS 0x00000000c8900000, 0x00000000c8a00000| Untracked 
| 138|0x00000000c8a00000, 0x00000000c8b00000, 0x00000000c8b00000|100%| O|  |TAMS 0x00000000c8a00000, 0x00000000c8b00000| Untracked 
| 139|0x00000000c8b00000, 0x00000000c8c00000, 0x00000000c8c00000|100%| O|  |TAMS 0x00000000c8b00000, 0x00000000c8c00000| Untracked 
| 140|0x00000000c8c00000, 0x00000000c8d00000, 0x00000000c8d00000|100%| O|  |TAMS 0x00000000c8c00000, 0x00000000c8d00000| Untracked 
| 141|0x00000000c8d00000, 0x00000000c8e00000, 0x00000000c8e00000|100%| O|  |TAMS 0x00000000c8d00000, 0x00000000c8e00000| Untracked 
| 142|0x00000000c8e00000, 0x00000000c8f00000, 0x00000000c8f00000|100%| O|  |TAMS 0x00000000c8e00000, 0x00000000c8f00000| Untracked 
| 143|0x00000000c8f00000, 0x00000000c9000000, 0x00000000c9000000|100%| O|  |TAMS 0x00000000c8f00000, 0x00000000c9000000| Untracked 
| 144|0x00000000c9000000, 0x00000000c9100000, 0x00000000c9100000|100%| O|  |TAMS 0x00000000c9000000, 0x00000000c9100000| Untracked 
| 145|0x00000000c9100000, 0x00000000c9200000, 0x00000000c9200000|100%| O|  |TAMS 0x00000000c9100000, 0x00000000c9200000| Untracked 
| 146|0x00000000c9200000, 0x00000000c9300000, 0x00000000c9300000|100%| O|  |TAMS 0x00000000c9200000, 0x00000000c9300000| Untracked 
| 147|0x00000000c9300000, 0x00000000c9400000, 0x00000000c9400000|100%| O|  |TAMS 0x00000000c9300000, 0x00000000c9400000| Untracked 
| 148|0x00000000c9400000, 0x00000000c9500000, 0x00000000c9500000|100%| O|  |TAMS 0x00000000c9400000, 0x00000000c9500000| Untracked 
| 149|0x00000000c9500000, 0x00000000c9600000, 0x00000000c9600000|100%| O|  |TAMS 0x00000000c9500000, 0x00000000c9600000| Untracked 
| 150|0x00000000c9600000, 0x00000000c9700000, 0x00000000c9700000|100%| O|  |TAMS 0x00000000c9600000, 0x00000000c9700000| Untracked 
| 151|0x00000000c9700000, 0x00000000c9800000, 0x00000000c9800000|100%| O|  |TAMS 0x00000000c9700000, 0x00000000c9800000| Untracked 
| 152|0x00000000c9800000, 0x00000000c9900000, 0x00000000c9900000|100%| O|  |TAMS 0x00000000c9800000, 0x00000000c9900000| Untracked 
| 153|0x00000000c9900000, 0x00000000c9a00000, 0x00000000c9a00000|100%| O|  |TAMS 0x00000000c9900000, 0x00000000c9a00000| Untracked 
| 154|0x00000000c9a00000, 0x00000000c9b00000, 0x00000000c9b00000|100%| O|  |TAMS 0x00000000c9a00000, 0x00000000c9b00000| Untracked 
| 155|0x00000000c9b00000, 0x00000000c9c00000, 0x00000000c9c00000|100%| O|  |TAMS 0x00000000c9b00000, 0x00000000c9c00000| Untracked 
| 156|0x00000000c9c00000, 0x00000000c9d00000, 0x00000000c9d00000|100%| O|  |TAMS 0x00000000c9c00000, 0x00000000c9d00000| Untracked 
| 157|0x00000000c9d00000, 0x00000000c9e00000, 0x00000000c9e00000|100%| O|  |TAMS 0x00000000c9d00000, 0x00000000c9e00000| Untracked 
| 158|0x00000000c9e00000, 0x00000000c9f00000, 0x00000000c9f00000|100%| O|  |TAMS 0x00000000c9e00000, 0x00000000c9f00000| Untracked 
| 159|0x00000000c9f00000, 0x00000000ca000000, 0x00000000ca000000|100%| O|  |TAMS 0x00000000c9f00000, 0x00000000ca000000| Untracked 
| 160|0x00000000ca000000, 0x00000000ca06b600, 0x00000000ca100000| 41%| O|  |TAMS 0x00000000ca000000, 0x00000000ca06b600| Untracked 
| 161|0x00000000ca100000, 0x00000000ca100000, 0x00000000ca200000|  0%| F|  |TAMS 0x00000000ca100000, 0x00000000ca100000| Untracked 
| 162|0x00000000ca200000, 0x00000000ca200000, 0x00000000ca300000|  0%| F|  |TAMS 0x00000000ca200000, 0x00000000ca200000| Untracked 
| 163|0x00000000ca300000, 0x00000000ca300000, 0x00000000ca400000|  0%| F|  |TAMS 0x00000000ca300000, 0x00000000ca300000| Untracked 
| 164|0x00000000ca400000, 0x00000000ca400000, 0x00000000ca500000|  0%| F|  |TAMS 0x00000000ca400000, 0x00000000ca400000| Untracked 
| 165|0x00000000ca500000, 0x00000000ca500000, 0x00000000ca600000|  0%| F|  |TAMS 0x00000000ca500000, 0x00000000ca500000| Untracked 
| 166|0x00000000ca600000, 0x00000000ca600000, 0x00000000ca700000|  0%| F|  |TAMS 0x00000000ca600000, 0x00000000ca600000| Untracked 
| 167|0x00000000ca700000, 0x00000000ca700000, 0x00000000ca800000|  0%| F|  |TAMS 0x00000000ca700000, 0x00000000ca700000| Untracked 
| 168|0x00000000ca800000, 0x00000000ca800000, 0x00000000ca900000|  0%| F|  |TAMS 0x00000000ca800000, 0x00000000ca800000| Untracked 
| 169|0x00000000ca900000, 0x00000000ca900000, 0x00000000caa00000|  0%| F|  |TAMS 0x00000000ca900000, 0x00000000ca900000| Untracked 
| 170|0x00000000caa00000, 0x00000000caa00000, 0x00000000cab00000|  0%| F|  |TAMS 0x00000000caa00000, 0x00000000caa00000| Untracked 
| 171|0x00000000cab00000, 0x00000000cab00000, 0x00000000cac00000|  0%| F|  |TAMS 0x00000000cab00000, 0x00000000cab00000| Untracked 
| 172|0x00000000cac00000, 0x00000000cac00000, 0x00000000cad00000|  0%| F|  |TAMS 0x00000000cac00000, 0x00000000cac00000| Untracked 
| 173|0x00000000cad00000, 0x00000000cad00000, 0x00000000cae00000|  0%| F|  |TAMS 0x00000000cad00000, 0x00000000cad00000| Untracked 
| 174|0x00000000cae00000, 0x00000000cae00000, 0x00000000caf00000|  0%| F|  |TAMS 0x00000000cae00000, 0x00000000cae00000| Untracked 
| 175|0x00000000caf00000, 0x00000000caf00000, 0x00000000cb000000|  0%| F|  |TAMS 0x00000000caf00000, 0x00000000caf00000| Untracked 
| 176|0x00000000cb000000, 0x00000000cb000000, 0x00000000cb100000|  0%| F|  |TAMS 0x00000000cb000000, 0x00000000cb000000| Untracked 
| 177|0x00000000cb100000, 0x00000000cb100000, 0x00000000cb200000|  0%| F|  |TAMS 0x00000000cb100000, 0x00000000cb100000| Untracked 
| 178|0x00000000cb200000, 0x00000000cb200000, 0x00000000cb300000|  0%| F|  |TAMS 0x00000000cb200000, 0x00000000cb200000| Untracked 
| 179|0x00000000cb300000, 0x00000000cb300000, 0x00000000cb400000|  0%| F|  |TAMS 0x00000000cb300000, 0x00000000cb300000| Untracked 
| 180|0x00000000cb400000, 0x00000000cb400000, 0x00000000cb500000|  0%| F|  |TAMS 0x00000000cb400000, 0x00000000cb400000| Untracked 
| 181|0x00000000cb500000, 0x00000000cb500000, 0x00000000cb600000|  0%| F|  |TAMS 0x00000000cb500000, 0x00000000cb500000| Untracked 
| 182|0x00000000cb600000, 0x00000000cb600000, 0x00000000cb700000|  0%| F|  |TAMS 0x00000000cb600000, 0x00000000cb600000| Untracked 
| 183|0x00000000cb700000, 0x00000000cb700000, 0x00000000cb800000|  0%| F|  |TAMS 0x00000000cb700000, 0x00000000cb700000| Untracked 
| 184|0x00000000cb800000, 0x00000000cb800000, 0x00000000cb900000|  0%| F|  |TAMS 0x00000000cb800000, 0x00000000cb800000| Untracked 
| 185|0x00000000cb900000, 0x00000000cb900000, 0x00000000cba00000|  0%| F|  |TAMS 0x00000000cb900000, 0x00000000cb900000| Untracked 
| 186|0x00000000cba00000, 0x00000000cba00000, 0x00000000cbb00000|  0%| F|  |TAMS 0x00000000cba00000, 0x00000000cba00000| Untracked 
| 187|0x00000000cbb00000, 0x00000000cbb00000, 0x00000000cbc00000|  0%| F|  |TAMS 0x00000000cbb00000, 0x00000000cbb00000| Untracked 
| 188|0x00000000cbc00000, 0x00000000cbc00000, 0x00000000cbd00000|  0%| F|  |TAMS 0x00000000cbc00000, 0x00000000cbc00000| Untracked 
| 189|0x00000000cbd00000, 0x00000000cbd00000, 0x00000000cbe00000|  0%| F|  |TAMS 0x00000000cbd00000, 0x00000000cbd00000| Untracked 
| 190|0x00000000cbe00000, 0x00000000cbe00000, 0x00000000cbf00000|  0%| F|  |TAMS 0x00000000cbe00000, 0x00000000cbe00000| Untracked 
| 191|0x00000000cbf00000, 0x00000000cbf00000, 0x00000000cc000000|  0%| F|  |TAMS 0x00000000cbf00000, 0x00000000cbf00000| Untracked 
| 192|0x00000000cc000000, 0x00000000cc000000, 0x00000000cc100000|  0%| F|  |TAMS 0x00000000cc000000, 0x00000000cc000000| Untracked 
| 193|0x00000000cc100000, 0x00000000cc100000, 0x00000000cc200000|  0%| F|  |TAMS 0x00000000cc100000, 0x00000000cc100000| Untracked 
| 194|0x00000000cc200000, 0x00000000cc200000, 0x00000000cc300000|  0%| F|  |TAMS 0x00000000cc200000, 0x00000000cc200000| Untracked 
| 195|0x00000000cc300000, 0x00000000cc300000, 0x00000000cc400000|  0%| F|  |TAMS 0x00000000cc300000, 0x00000000cc300000| Untracked 
| 196|0x00000000cc400000, 0x00000000cc400000, 0x00000000cc500000|  0%| F|  |TAMS 0x00000000cc400000, 0x00000000cc400000| Untracked 
| 197|0x00000000cc500000, 0x00000000cc500000, 0x00000000cc600000|  0%| F|  |TAMS 0x00000000cc500000, 0x00000000cc500000| Untracked 
| 198|0x00000000cc600000, 0x00000000cc600000, 0x00000000cc700000|  0%| F|  |TAMS 0x00000000cc600000, 0x00000000cc600000| Untracked 
| 199|0x00000000cc700000, 0x00000000cc700000, 0x00000000cc800000|  0%| F|  |TAMS 0x00000000cc700000, 0x00000000cc700000| Untracked 
| 200|0x00000000cc800000, 0x00000000cc800000, 0x00000000cc900000|  0%| F|  |TAMS 0x00000000cc800000, 0x00000000cc800000| Untracked 
| 201|0x00000000cc900000, 0x00000000cc900000, 0x00000000cca00000|  0%| F|  |TAMS 0x00000000cc900000, 0x00000000cc900000| Untracked 
| 202|0x00000000cca00000, 0x00000000cca00000, 0x00000000ccb00000|  0%| F|  |TAMS 0x00000000cca00000, 0x00000000cca00000| Untracked 
| 203|0x00000000ccb00000, 0x00000000ccb00000, 0x00000000ccc00000|  0%| F|  |TAMS 0x00000000ccb00000, 0x00000000ccb00000| Untracked 
| 204|0x00000000ccc00000, 0x00000000ccc00000, 0x00000000ccd00000|  0%| F|  |TAMS 0x00000000ccc00000, 0x00000000ccc00000| Untracked 
| 205|0x00000000ccd00000, 0x00000000ccd00000, 0x00000000cce00000|  0%| F|  |TAMS 0x00000000ccd00000, 0x00000000ccd00000| Untracked 
| 206|0x00000000cce00000, 0x00000000cce00000, 0x00000000ccf00000|  0%| F|  |TAMS 0x00000000cce00000, 0x00000000cce00000| Untracked 
| 207|0x00000000ccf00000, 0x00000000ccf00000, 0x00000000cd000000|  0%| F|  |TAMS 0x00000000ccf00000, 0x00000000ccf00000| Untracked 
| 208|0x00000000cd000000, 0x00000000cd000000, 0x00000000cd100000|  0%| F|  |TAMS 0x00000000cd000000, 0x00000000cd000000| Untracked 
| 209|0x00000000cd100000, 0x00000000cd100000, 0x00000000cd200000|  0%| F|  |TAMS 0x00000000cd100000, 0x00000000cd100000| Untracked 
| 210|0x00000000cd200000, 0x00000000cd200000, 0x00000000cd300000|  0%| F|  |TAMS 0x00000000cd200000, 0x00000000cd200000| Untracked 
| 211|0x00000000cd300000, 0x00000000cd300000, 0x00000000cd400000|  0%| F|  |TAMS 0x00000000cd300000, 0x00000000cd300000| Untracked 
| 212|0x00000000cd400000, 0x00000000cd400000, 0x00000000cd500000|  0%| F|  |TAMS 0x00000000cd400000, 0x00000000cd400000| Untracked 
| 213|0x00000000cd500000, 0x00000000cd500000, 0x00000000cd600000|  0%| F|  |TAMS 0x00000000cd500000, 0x00000000cd500000| Untracked 
| 214|0x00000000cd600000, 0x00000000cd600000, 0x00000000cd700000|  0%| F|  |TAMS 0x00000000cd600000, 0x00000000cd600000| Untracked 
| 215|0x00000000cd700000, 0x00000000cd700000, 0x00000000cd800000|  0%| F|  |TAMS 0x00000000cd700000, 0x00000000cd700000| Untracked 
| 216|0x00000000cd800000, 0x00000000cd800000, 0x00000000cd900000|  0%| F|  |TAMS 0x00000000cd800000, 0x00000000cd800000| Untracked 
| 217|0x00000000cd900000, 0x00000000cd900000, 0x00000000cda00000|  0%| F|  |TAMS 0x00000000cd900000, 0x00000000cd900000| Untracked 
| 218|0x00000000cda00000, 0x00000000cda00000, 0x00000000cdb00000|  0%| F|  |TAMS 0x00000000cda00000, 0x00000000cda00000| Untracked 
| 219|0x00000000cdb00000, 0x00000000cdb00000, 0x00000000cdc00000|  0%| F|  |TAMS 0x00000000cdb00000, 0x00000000cdb00000| Untracked 
| 220|0x00000000cdc00000, 0x00000000cdd00000, 0x00000000cdd00000|100%| S|CS|TAMS 0x00000000cdc00000, 0x00000000cdc00000| Complete 
| 221|0x00000000cdd00000, 0x00000000cde00000, 0x00000000cde00000|100%| S|CS|TAMS 0x00000000cdd00000, 0x00000000cdd00000| Complete 
| 222|0x00000000cde00000, 0x00000000cdf00000, 0x00000000cdf00000|100%| S|CS|TAMS 0x00000000cde00000, 0x00000000cde00000| Complete 
| 223|0x00000000cdf00000, 0x00000000ce000000, 0x00000000ce000000|100%| S|CS|TAMS 0x00000000cdf00000, 0x00000000cdf00000| Complete 
| 224|0x00000000ce000000, 0x00000000ce100000, 0x00000000ce100000|100%| S|CS|TAMS 0x00000000ce000000, 0x00000000ce000000| Complete 
| 225|0x00000000ce100000, 0x00000000ce200000, 0x00000000ce200000|100%| S|CS|TAMS 0x00000000ce100000, 0x00000000ce100000| Complete 
| 226|0x00000000ce200000, 0x00000000ce200000, 0x00000000ce300000|  0%| F|  |TAMS 0x00000000ce200000, 0x00000000ce200000| Untracked 
| 227|0x00000000ce300000, 0x00000000ce300000, 0x00000000ce400000|  0%| F|  |TAMS 0x00000000ce300000, 0x00000000ce300000| Untracked 
| 228|0x00000000ce400000, 0x00000000ce400000, 0x00000000ce500000|  0%| F|  |TAMS 0x00000000ce400000, 0x00000000ce400000| Untracked 
| 229|0x00000000ce500000, 0x00000000ce500000, 0x00000000ce600000|  0%| F|  |TAMS 0x00000000ce500000, 0x00000000ce500000| Untracked 
| 230|0x00000000ce600000, 0x00000000ce600000, 0x00000000ce700000|  0%| F|  |TAMS 0x00000000ce600000, 0x00000000ce600000| Untracked 
| 231|0x00000000ce700000, 0x00000000ce700000, 0x00000000ce800000|  0%| F|  |TAMS 0x00000000ce700000, 0x00000000ce700000| Untracked 
| 232|0x00000000ce800000, 0x00000000ce800000, 0x00000000ce900000|  0%| F|  |TAMS 0x00000000ce800000, 0x00000000ce800000| Untracked 
| 233|0x00000000ce900000, 0x00000000ce900000, 0x00000000cea00000|  0%| F|  |TAMS 0x00000000ce900000, 0x00000000ce900000| Untracked 
| 234|0x00000000cea00000, 0x00000000cea00000, 0x00000000ceb00000|  0%| F|  |TAMS 0x00000000cea00000, 0x00000000cea00000| Untracked 
| 235|0x00000000ceb00000, 0x00000000ceb00000, 0x00000000cec00000|  0%| F|  |TAMS 0x00000000ceb00000, 0x00000000ceb00000| Untracked 
| 236|0x00000000cec00000, 0x00000000cec00000, 0x00000000ced00000|  0%| F|  |TAMS 0x00000000cec00000, 0x00000000cec00000| Untracked 
| 237|0x00000000ced00000, 0x00000000ced00000, 0x00000000cee00000|  0%| F|  |TAMS 0x00000000ced00000, 0x00000000ced00000| Untracked 
| 238|0x00000000cee00000, 0x00000000cef00000, 0x00000000cef00000|100%| S|CS|TAMS 0x00000000cee00000, 0x00000000cee00000| Complete 
| 239|0x00000000cef00000, 0x00000000cf000000, 0x00000000cf000000|100%| S|CS|TAMS 0x00000000cef00000, 0x00000000cef00000| Complete 
| 240|0x00000000cf000000, 0x00000000cf100000, 0x00000000cf100000|100%| S|CS|TAMS 0x00000000cf000000, 0x00000000cf000000| Complete 
| 241|0x00000000cf100000, 0x00000000cf200000, 0x00000000cf200000|100%| S|CS|TAMS 0x00000000cf100000, 0x00000000cf100000| Complete 
| 242|0x00000000cf200000, 0x00000000cf300000, 0x00000000cf300000|100%| S|CS|TAMS 0x00000000cf200000, 0x00000000cf200000| Complete 
| 243|0x00000000cf300000, 0x00000000cf300000, 0x00000000cf400000|  0%| F|  |TAMS 0x00000000cf300000, 0x00000000cf300000| Untracked 
| 244|0x00000000cf400000, 0x00000000cf400000, 0x00000000cf500000|  0%| F|  |TAMS 0x00000000cf400000, 0x00000000cf400000| Untracked 
| 245|0x00000000cf500000, 0x00000000cf500000, 0x00000000cf600000|  0%| F|  |TAMS 0x00000000cf500000, 0x00000000cf500000| Untracked 
| 246|0x00000000cf600000, 0x00000000cf600000, 0x00000000cf700000|  0%| F|  |TAMS 0x00000000cf600000, 0x00000000cf600000| Untracked 
| 247|0x00000000cf700000, 0x00000000cf700000, 0x00000000cf800000|  0%| F|  |TAMS 0x00000000cf700000, 0x00000000cf700000| Untracked 
| 248|0x00000000cf800000, 0x00000000cf800000, 0x00000000cf900000|  0%| F|  |TAMS 0x00000000cf800000, 0x00000000cf800000| Untracked 
| 249|0x00000000cf900000, 0x00000000cf900000, 0x00000000cfa00000|  0%| F|  |TAMS 0x00000000cf900000, 0x00000000cf900000| Untracked 
| 250|0x00000000cfa00000, 0x00000000cfa00000, 0x00000000cfb00000|  0%| F|  |TAMS 0x00000000cfa00000, 0x00000000cfa00000| Untracked 
| 251|0x00000000cfb00000, 0x00000000cfb00000, 0x00000000cfc00000|  0%| F|  |TAMS 0x00000000cfb00000, 0x00000000cfb00000| Untracked 
| 252|0x00000000cfc00000, 0x00000000cfc00000, 0x00000000cfd00000|  0%| F|  |TAMS 0x00000000cfc00000, 0x00000000cfc00000| Untracked 
| 253|0x00000000cfd00000, 0x00000000cfd00000, 0x00000000cfe00000|  0%| F|  |TAMS 0x00000000cfd00000, 0x00000000cfd00000| Untracked 
| 254|0x00000000cfe00000, 0x00000000cfe00000, 0x00000000cff00000|  0%| F|  |TAMS 0x00000000cfe00000, 0x00000000cfe00000| Untracked 
| 255|0x00000000cff00000, 0x00000000cff00000, 0x00000000d0000000|  0%| F|  |TAMS 0x00000000cff00000, 0x00000000cff00000| Untracked 
| 256|0x00000000d0000000, 0x00000000d0000000, 0x00000000d0100000|  0%| F|  |TAMS 0x00000000d0000000, 0x00000000d0000000| Untracked 
| 257|0x00000000d0100000, 0x00000000d0100000, 0x00000000d0200000|  0%| F|  |TAMS 0x00000000d0100000, 0x00000000d0100000| Untracked 
| 258|0x00000000d0200000, 0x00000000d0200000, 0x00000000d0300000|  0%| F|  |TAMS 0x00000000d0200000, 0x00000000d0200000| Untracked 
| 259|0x00000000d0300000, 0x00000000d0300000, 0x00000000d0400000|  0%| F|  |TAMS 0x00000000d0300000, 0x00000000d0300000| Untracked 
| 260|0x00000000d0400000, 0x00000000d0400000, 0x00000000d0500000|  0%| F|  |TAMS 0x00000000d0400000, 0x00000000d0400000| Untracked 
| 261|0x00000000d0500000, 0x00000000d0500000, 0x00000000d0600000|  0%| F|  |TAMS 0x00000000d0500000, 0x00000000d0500000| Untracked 
| 262|0x00000000d0600000, 0x00000000d0600000, 0x00000000d0700000|  0%| F|  |TAMS 0x00000000d0600000, 0x00000000d0600000| Untracked 
| 263|0x00000000d0700000, 0x00000000d0700000, 0x00000000d0800000|  0%| F|  |TAMS 0x00000000d0700000, 0x00000000d0700000| Untracked 
| 264|0x00000000d0800000, 0x00000000d0800000, 0x00000000d0900000|  0%| F|  |TAMS 0x00000000d0800000, 0x00000000d0800000| Untracked 
| 265|0x00000000d0900000, 0x00000000d0900000, 0x00000000d0a00000|  0%| F|  |TAMS 0x00000000d0900000, 0x00000000d0900000| Untracked 
| 266|0x00000000d0a00000, 0x00000000d0a00000, 0x00000000d0b00000|  0%| F|  |TAMS 0x00000000d0a00000, 0x00000000d0a00000| Untracked 
| 267|0x00000000d0b00000, 0x00000000d0b00000, 0x00000000d0c00000|  0%| F|  |TAMS 0x00000000d0b00000, 0x00000000d0b00000| Untracked 
| 268|0x00000000d0c00000, 0x00000000d0c00000, 0x00000000d0d00000|  0%| F|  |TAMS 0x00000000d0c00000, 0x00000000d0c00000| Untracked 
| 269|0x00000000d0d00000, 0x00000000d0d00000, 0x00000000d0e00000|  0%| F|  |TAMS 0x00000000d0d00000, 0x00000000d0d00000| Untracked 
| 270|0x00000000d0e00000, 0x00000000d0e00000, 0x00000000d0f00000|  0%| F|  |TAMS 0x00000000d0e00000, 0x00000000d0e00000| Untracked 
| 271|0x00000000d0f00000, 0x00000000d0f00000, 0x00000000d1000000|  0%| F|  |TAMS 0x00000000d0f00000, 0x00000000d0f00000| Untracked 
| 272|0x00000000d1000000, 0x00000000d1000000, 0x00000000d1100000|  0%| F|  |TAMS 0x00000000d1000000, 0x00000000d1000000| Untracked 
| 273|0x00000000d1100000, 0x00000000d1100000, 0x00000000d1200000|  0%| F|  |TAMS 0x00000000d1100000, 0x00000000d1100000| Untracked 
| 274|0x00000000d1200000, 0x00000000d1200000, 0x00000000d1300000|  0%| F|  |TAMS 0x00000000d1200000, 0x00000000d1200000| Untracked 
| 275|0x00000000d1300000, 0x00000000d1300000, 0x00000000d1400000|  0%| F|  |TAMS 0x00000000d1300000, 0x00000000d1300000| Untracked 
| 276|0x00000000d1400000, 0x00000000d1400000, 0x00000000d1500000|  0%| F|  |TAMS 0x00000000d1400000, 0x00000000d1400000| Untracked 
| 277|0x00000000d1500000, 0x00000000d1500000, 0x00000000d1600000|  0%| F|  |TAMS 0x00000000d1500000, 0x00000000d1500000| Untracked 
| 278|0x00000000d1600000, 0x00000000d1600000, 0x00000000d1700000|  0%| F|  |TAMS 0x00000000d1600000, 0x00000000d1600000| Untracked 
| 279|0x00000000d1700000, 0x00000000d1700000, 0x00000000d1800000|  0%| F|  |TAMS 0x00000000d1700000, 0x00000000d1700000| Untracked 
| 280|0x00000000d1800000, 0x00000000d1800000, 0x00000000d1900000|  0%| F|  |TAMS 0x00000000d1800000, 0x00000000d1800000| Untracked 
| 281|0x00000000d1900000, 0x00000000d1900000, 0x00000000d1a00000|  0%| F|  |TAMS 0x00000000d1900000, 0x00000000d1900000| Untracked 
| 282|0x00000000d1a00000, 0x00000000d1a00000, 0x00000000d1b00000|  0%| F|  |TAMS 0x00000000d1a00000, 0x00000000d1a00000| Untracked 
| 283|0x00000000d1b00000, 0x00000000d1b00000, 0x00000000d1c00000|  0%| F|  |TAMS 0x00000000d1b00000, 0x00000000d1b00000| Untracked 
| 284|0x00000000d1c00000, 0x00000000d1c00000, 0x00000000d1d00000|  0%| F|  |TAMS 0x00000000d1c00000, 0x00000000d1c00000| Untracked 
| 285|0x00000000d1d00000, 0x00000000d1d00000, 0x00000000d1e00000|  0%| F|  |TAMS 0x00000000d1d00000, 0x00000000d1d00000| Untracked 
| 286|0x00000000d1e00000, 0x00000000d1e00000, 0x00000000d1f00000|  0%| F|  |TAMS 0x00000000d1e00000, 0x00000000d1e00000| Untracked 
| 287|0x00000000d1f00000, 0x00000000d1f00000, 0x00000000d2000000|  0%| F|  |TAMS 0x00000000d1f00000, 0x00000000d1f00000| Untracked 
| 288|0x00000000d2000000, 0x00000000d2000000, 0x00000000d2100000|  0%| F|  |TAMS 0x00000000d2000000, 0x00000000d2000000| Untracked 
| 289|0x00000000d2100000, 0x00000000d2100000, 0x00000000d2200000|  0%| F|  |TAMS 0x00000000d2100000, 0x00000000d2100000| Untracked 
| 290|0x00000000d2200000, 0x00000000d2200000, 0x00000000d2300000|  0%| F|  |TAMS 0x00000000d2200000, 0x00000000d2200000| Untracked 
| 291|0x00000000d2300000, 0x00000000d2300000, 0x00000000d2400000|  0%| F|  |TAMS 0x00000000d2300000, 0x00000000d2300000| Untracked 
| 292|0x00000000d2400000, 0x00000000d2400000, 0x00000000d2500000|  0%| F|  |TAMS 0x00000000d2400000, 0x00000000d2400000| Untracked 
| 293|0x00000000d2500000, 0x00000000d2500000, 0x00000000d2600000|  0%| F|  |TAMS 0x00000000d2500000, 0x00000000d2500000| Untracked 
| 294|0x00000000d2600000, 0x00000000d2600000, 0x00000000d2700000|  0%| F|  |TAMS 0x00000000d2600000, 0x00000000d2600000| Untracked 
| 295|0x00000000d2700000, 0x00000000d2700000, 0x00000000d2800000|  0%| F|  |TAMS 0x00000000d2700000, 0x00000000d2700000| Untracked 
| 296|0x00000000d2800000, 0x00000000d2800000, 0x00000000d2900000|  0%| F|  |TAMS 0x00000000d2800000, 0x00000000d2800000| Untracked 
| 297|0x00000000d2900000, 0x00000000d2900000, 0x00000000d2a00000|  0%| F|  |TAMS 0x00000000d2900000, 0x00000000d2900000| Untracked 
| 298|0x00000000d2a00000, 0x00000000d2a00000, 0x00000000d2b00000|  0%| F|  |TAMS 0x00000000d2a00000, 0x00000000d2a00000| Untracked 
| 299|0x00000000d2b00000, 0x00000000d2b00000, 0x00000000d2c00000|  0%| F|  |TAMS 0x00000000d2b00000, 0x00000000d2b00000| Untracked 
| 300|0x00000000d2c00000, 0x00000000d2c00000, 0x00000000d2d00000|  0%| F|  |TAMS 0x00000000d2c00000, 0x00000000d2c00000| Untracked 
| 301|0x00000000d2d00000, 0x00000000d2d00000, 0x00000000d2e00000|  0%| F|  |TAMS 0x00000000d2d00000, 0x00000000d2d00000| Untracked 
| 302|0x00000000d2e00000, 0x00000000d2e00000, 0x00000000d2f00000|  0%| F|  |TAMS 0x00000000d2e00000, 0x00000000d2e00000| Untracked 
| 303|0x00000000d2f00000, 0x00000000d2f00000, 0x00000000d3000000|  0%| F|  |TAMS 0x00000000d2f00000, 0x00000000d2f00000| Untracked 
| 304|0x00000000d3000000, 0x00000000d3000000, 0x00000000d3100000|  0%| F|  |TAMS 0x00000000d3000000, 0x00000000d3000000| Untracked 
| 305|0x00000000d3100000, 0x00000000d3100000, 0x00000000d3200000|  0%| F|  |TAMS 0x00000000d3100000, 0x00000000d3100000| Untracked 
| 306|0x00000000d3200000, 0x00000000d3200000, 0x00000000d3300000|  0%| F|  |TAMS 0x00000000d3200000, 0x00000000d3200000| Untracked 
| 307|0x00000000d3300000, 0x00000000d3300000, 0x00000000d3400000|  0%| F|  |TAMS 0x00000000d3300000, 0x00000000d3300000| Untracked 
| 308|0x00000000d3400000, 0x00000000d3400000, 0x00000000d3500000|  0%| F|  |TAMS 0x00000000d3400000, 0x00000000d3400000| Untracked 
| 309|0x00000000d3500000, 0x00000000d3500000, 0x00000000d3600000|  0%| F|  |TAMS 0x00000000d3500000, 0x00000000d3500000| Untracked 
| 310|0x00000000d3600000, 0x00000000d3600000, 0x00000000d3700000|  0%| F|  |TAMS 0x00000000d3600000, 0x00000000d3600000| Untracked 
| 311|0x00000000d3700000, 0x00000000d3700000, 0x00000000d3800000|  0%| F|  |TAMS 0x00000000d3700000, 0x00000000d3700000| Untracked 
| 312|0x00000000d3800000, 0x00000000d3800000, 0x00000000d3900000|  0%| F|  |TAMS 0x00000000d3800000, 0x00000000d3800000| Untracked 
| 313|0x00000000d3900000, 0x00000000d3900000, 0x00000000d3a00000|  0%| F|  |TAMS 0x00000000d3900000, 0x00000000d3900000| Untracked 
| 314|0x00000000d3a00000, 0x00000000d3a00000, 0x00000000d3b00000|  0%| F|  |TAMS 0x00000000d3a00000, 0x00000000d3a00000| Untracked 
| 315|0x00000000d3b00000, 0x00000000d3b00000, 0x00000000d3c00000|  0%| F|  |TAMS 0x00000000d3b00000, 0x00000000d3b00000| Untracked 

Card table byte_map: [0x00000210413e0000,0x00000210415e0000] _byte_map_base: 0x0000021040de0000

Marking Bits (Prev, Next): (CMBitMap*) 0x00000210297c9708, (CMBitMap*) 0x00000210297c9740
 Prev Bits: [0x00000210417e0000, 0x00000210427e0000)
 Next Bits: [0x00000210427e0000, 0x00000210437e0000)

Polling page: 0x0000021027730000

Metaspace:

Usage:
  Non-class:     14.82 MB capacity,    14.66 MB ( 99%) used,   118.48 KB ( <1%) free+waste,    41.56 KB ( <1%) overhead. 
      Class:      1.88 MB capacity,     1.71 MB ( 91%) used,   151.59 KB (  8%) free+waste,    22.00 KB (  1%) overhead. 
       Both:     16.69 MB capacity,    16.37 MB ( 98%) used,   270.07 KB (  2%) free+waste,    63.56 KB ( <1%) overhead. 

Virtual space:
  Non-class space:       16.00 MB reserved,      15.00 MB ( 94%) committed 
      Class space:        1.00 GB reserved,       2.00 MB ( <1%) committed 
             Both:        1.02 GB reserved,      17.00 MB (  2%) committed 

Chunk freelists:
   Non-Class:  0 bytes
       Class:  0 bytes
        Both:  0 bytes

MaxMetaspaceSize: 17179869184.00 GB
CompressedClassSpaceSize: 1.00 GB
Initial GC threshold: 20.80 MB
Current GC threshold: 20.80 MB
CDS: off

CodeHeap 'non-profiled nmethods': size=120000Kb used=1661Kb max_used=1661Kb free=118338Kb
 bounds [0x0000021039980000, 0x0000021039bf0000, 0x0000021040eb0000]
CodeHeap 'profiled nmethods': size=120000Kb used=5415Kb max_used=5415Kb free=114585Kb
 bounds [0x0000021032450000, 0x00000210329a0000, 0x0000021039980000]
CodeHeap 'non-nmethods': size=5760Kb used=1154Kb max_used=1215Kb free=4605Kb
 bounds [0x0000021031eb0000, 0x0000021032120000, 0x0000021032450000]
 total_blobs=2735 nmethods=2345 adapters=303
 compilation: enabled
              stopped_count=0, restarted_count=0
 full_count=0

Compilation events (20 events):
Event: 7.593 Thread 0x0000021046b07000 2417       3       com.android.tools.r8.internal.YQ::a (158 bytes)
Event: 7.595 Thread 0x0000021046b07000 nmethod 2417 0x0000021032994690 code [0x0000021032994a00, 0x0000021032996088]
Event: 7.596 Thread 0x0000021046b07000 2418       2       com.android.tools.r8.internal.dN::b (4 bytes)
Event: 7.596 Thread 0x0000021046b07000 nmethod 2418 0x0000021032996710 code [0x00000210329968c0, 0x0000021032996998]
Event: 7.597 Thread 0x0000021046b07000 2419       2       com.android.tools.r8.graph.M2::a (13 bytes)
Event: 7.597 Thread 0x0000021046b07000 nmethod 2419 0x0000021032996a10 code [0x0000021032996be0, 0x0000021032996e28]
Event: 7.597 Thread 0x0000021046b07000 2420       2       com.android.tools.r8.graph.M2$$Lambda$90/0x0000000100150c40::get$Lambda (10 bytes)
Event: 7.597 Thread 0x0000021046b07000 nmethod 2420 0x0000021032996f10 code [0x00000210329970c0, 0x00000210329972b8]
Event: 7.597 Thread 0x0000021046b07000 2421       2       com.android.tools.r8.graph.M2$$Lambda$90/0x0000000100150c40::<init> (15 bytes)
Event: 7.598 Thread 0x0000021046b07000 nmethod 2421 0x0000021032997390 code [0x0000021032997540, 0x00000210329976d8]
Event: 7.598 Thread 0x0000021047584000 nmethod 2355 0x0000021039b1dd90 code [0x0000021039b1dfa0, 0x0000021039b1ec88]
Event: 7.598 Thread 0x0000021047584000 2378       4       com.android.tools.r8.internal.Pa::a (6176 bytes)
Event: 7.600 Thread 0x0000021046b07000 2423       2       com.android.tools.r8.internal.Un$$Lambda$238/0x00000001001d6040::accept (16 bytes)
Event: 7.601 Thread 0x0000021046b07000 nmethod 2423 0x0000021032997790 code [0x0000021032997980, 0x0000021032997ed8]
Event: 7.601 Thread 0x0000021046b07000 2424       2       com.android.tools.r8.internal.Un::a (19 bytes)
Event: 7.602 Thread 0x0000021046b07000 nmethod 2424 0x0000021032998210 code [0x0000021032998400, 0x00000210329989c8]
Event: 7.603 Thread 0x0000021046b07000 2425       2       com.android.tools.r8.graph.K2::g (97 bytes)
Event: 7.604 Thread 0x0000021046b07000 nmethod 2425 0x0000021032998c90 code [0x0000021032998e80, 0x0000021032999238]
Event: 7.623 Thread 0x0000021046b07000 2428       2       com.android.tools.r8.graph.N2::g (64 bytes)
Event: 7.624 Thread 0x0000021046b07000 nmethod 2428 0x0000021032999490 code [0x00000210329996c0, 0x0000021032999a48]

GC Heap History (20 events):
Event: 2.963 GC heap after
{Heap after GC invocations=4 (full 0):
 garbage-first heap   total 258048K, used 26941K [0x00000000c0000000, 0x0000000100000000)
  region size 1024K, 5 young (5120K), 5 survivors (5120K)
 Metaspace       used 11437K, capacity 11608K, committed 11648K, reserved 1060864K
  class space    used 1098K, capacity 1145K, committed 1152K, reserved 1048576K
}
Event: 3.368 GC heap before
{Heap before GC invocations=4 (full 0):
 garbage-first heap   total 258048K, used 81213K [0x00000000c0000000, 0x0000000100000000)
  region size 1024K, 58 young (59392K), 5 survivors (5120K)
 Metaspace       used 11442K, capacity 11608K, committed 11648K, reserved 1060864K
  class space    used 1098K, capacity 1145K, committed 1152K, reserved 1048576K
}
Event: 3.375 GC heap after
{Heap after GC invocations=5 (full 0):
 garbage-first heap   total 258048K, used 38522K [0x00000000c0000000, 0x0000000100000000)
  region size 1024K, 8 young (8192K), 8 survivors (8192K)
 Metaspace       used 11442K, capacity 11608K, committed 11648K, reserved 1060864K
  class space    used 1098K, capacity 1145K, committed 1152K, reserved 1048576K
}
Event: 4.146 GC heap before
{Heap before GC invocations=5 (full 0):
 garbage-first heap   total 258048K, used 112250K [0x00000000c0000000, 0x0000000100000000)
  region size 1024K, 81 young (82944K), 8 survivors (8192K)
 Metaspace       used 13328K, capacity 13544K, committed 13696K, reserved 1060864K
  class space    used 1312K, capacity 1397K, committed 1408K, reserved 1048576K
}
Event: 4.176 GC heap after
{Heap after GC invocations=6 (full 0):
 garbage-first heap   total 258048K, used 57344K [0x00000000c0000000, 0x0000000100000000)
  region size 1024K, 11 young (11264K), 11 survivors (11264K)
 Metaspace       used 13328K, capacity 13544K, committed 13696K, reserved 1060864K
  class space    used 1312K, capacity 1397K, committed 1408K, reserved 1048576K
}
Event: 4.490 GC heap before
{Heap before GC invocations=6 (full 0):
 garbage-first heap   total 258048K, used 117760K [0x00000000c0000000, 0x0000000100000000)
  region size 1024K, 70 young (71680K), 11 survivors (11264K)
 Metaspace       used 13365K, capacity 13608K, committed 13696K, reserved 1060864K
  class space    used 1314K, capacity 1397K, committed 1408K, reserved 1048576K
}
Event: 4.530 GC heap after
{Heap after GC invocations=7 (full 0):
 garbage-first heap   total 258048K, used 70478K [0x00000000c0000000, 0x0000000100000000)
  region size 1024K, 9 young (9216K), 9 survivors (9216K)
 Metaspace       used 13365K, capacity 13608K, committed 13696K, reserved 1060864K
  class space    used 1314K, capacity 1397K, committed 1408K, reserved 1048576K
}
Event: 4.801 GC heap before
{Heap before GC invocations=7 (full 0):
 garbage-first heap   total 258048K, used 130894K [0x00000000c0000000, 0x0000000100000000)
  region size 1024K, 68 young (69632K), 9 survivors (9216K)
 Metaspace       used 13388K, capacity 13611K, committed 13696K, reserved 1060864K
  class space    used 1314K, capacity 1397K, committed 1408K, reserved 1048576K
}
Event: 4.846 GC heap after
{Heap after GC invocations=8 (full 0):
 garbage-first heap   total 258048K, used 84992K [0x00000000c0000000, 0x0000000100000000)
  region size 1024K, 9 young (9216K), 9 survivors (9216K)
 Metaspace       used 13388K, capacity 13611K, committed 13696K, reserved 1060864K
  class space    used 1314K, capacity 1397K, committed 1408K, reserved 1048576K
}
Event: 5.184 GC heap before
{Heap before GC invocations=8 (full 0):
 garbage-first heap   total 258048K, used 111616K [0x00000000c0000000, 0x0000000100000000)
  region size 1024K, 33 young (33792K), 9 survivors (9216K)
 Metaspace       used 13388K, capacity 13611K, committed 13696K, reserved 1060864K
  class space    used 1314K, capacity 1397K, committed 1408K, reserved 1048576K
}
Event: 5.223 GC heap after
{Heap after GC invocations=9 (full 0):
 garbage-first heap   total 258048K, used 93619K [0x00000000c0000000, 0x0000000100000000)
  region size 1024K, 5 young (5120K), 5 survivors (5120K)
 Metaspace       used 13388K, capacity 13611K, committed 13696K, reserved 1060864K
  class space    used 1314K, capacity 1397K, committed 1408K, reserved 1048576K
}
Event: 5.511 GC heap before
{Heap before GC invocations=9 (full 0):
 garbage-first heap   total 258048K, used 160179K [0x00000000c0000000, 0x0000000100000000)
  region size 1024K, 68 young (69632K), 5 survivors (5120K)
 Metaspace       used 13389K, capacity 13611K, committed 13696K, reserved 1060864K
  class space    used 1314K, capacity 1397K, committed 1408K, reserved 1048576K
}
Event: 5.561 GC heap after
{Heap after GC invocations=10 (full 0):
 garbage-first heap   total 323584K, used 110243K [0x00000000c0000000, 0x0000000100000000)
  region size 1024K, 9 young (9216K), 9 survivors (9216K)
 Metaspace       used 13389K, capacity 13611K, committed 13696K, reserved 1060864K
  class space    used 1314K, capacity 1397K, committed 1408K, reserved 1048576K
}
Event: 6.347 GC heap before
{Heap before GC invocations=10 (full 0):
 garbage-first heap   total 323584K, used 191139K [0x00000000c0000000, 0x0000000100000000)
  region size 1024K, 88 young (90112K), 9 survivors (9216K)
 Metaspace       used 15007K, capacity 15224K, committed 15488K, reserved 1062912K
  class space    used 1539K, capacity 1636K, committed 1664K, reserved 1048576K
}
Event: 6.408 GC heap after
{Heap after GC invocations=11 (full 0):
 garbage-first heap   total 323584K, used 125952K [0x00000000c0000000, 0x0000000100000000)
  region size 1024K, 11 young (11264K), 11 survivors (11264K)
 Metaspace       used 15007K, capacity 15224K, committed 15488K, reserved 1062912K
  class space    used 1539K, capacity 1636K, committed 1664K, reserved 1048576K
}
Event: 6.717 GC heap before
{Heap before GC invocations=11 (full 0):
 garbage-first heap   total 323584K, used 207872K [0x00000000c0000000, 0x0000000100000000)
  region size 1024K, 91 young (93184K), 11 survivors (11264K)
 Metaspace       used 15010K, capacity 15288K, committed 15488K, reserved 1062912K
  class space    used 1539K, capacity 1636K, committed 1664K, reserved 1048576K
}
Event: 6.761 GC heap after
{Heap after GC invocations=12 (full 0):
 garbage-first heap   total 323584K, used 143024K [0x00000000c0000000, 0x0000000100000000)
  region size 1024K, 12 young (12288K), 12 survivors (12288K)
 Metaspace       used 15010K, capacity 15288K, committed 15488K, reserved 1062912K
  class space    used 1539K, capacity 1636K, committed 1664K, reserved 1048576K
}
Event: 7.084 GC heap before
{Heap before GC invocations=12 (full 0):
 garbage-first heap   total 323584K, used 222896K [0x00000000c0000000, 0x0000000100000000)
  region size 1024K, 90 young (92160K), 12 survivors (12288K)
 Metaspace       used 15012K, capacity 15289K, committed 15488K, reserved 1062912K
  class space    used 1539K, capacity 1636K, committed 1664K, reserved 1048576K
}
Event: 7.128 GC heap after
{Heap after GC invocations=13 (full 0):
 garbage-first heap   total 323584K, used 159744K [0x00000000c0000000, 0x0000000100000000)
  region size 1024K, 12 young (12288K), 12 survivors (12288K)
 Metaspace       used 15012K, capacity 15289K, committed 15488K, reserved 1062912K
  class space    used 1539K, capacity 1636K, committed 1664K, reserved 1048576K
}
Event: 7.653 GC heap before
{Heap before GC invocations=13 (full 0):
 garbage-first heap   total 323584K, used 234496K [0x00000000c0000000, 0x0000000100000000)
  region size 1024K, 85 young (87040K), 12 survivors (12288K)
 Metaspace       used 16760K, capacity 17094K, committed 17408K, reserved 1064960K
  class space    used 1747K, capacity 1921K, committed 2048K, reserved 1048576K
}

Deoptimization events (20 events):
Event: 7.585 Thread 0x000002104788d000 DEOPT PACKING pc=0x0000021032896ade sp=0x0000007ee48fdeb0
Event: 7.585 Thread 0x000002104788d000 DEOPT UNPACKING pc=0x0000021031ef9d0e sp=0x0000007ee48fd650 mode 0
Event: 7.594 Thread 0x000002104788d000 DEOPT PACKING pc=0x00000210329890e8 sp=0x0000007ee48fe5f0
Event: 7.594 Thread 0x000002104788d000 DEOPT UNPACKING pc=0x0000021031ef9d0e sp=0x0000007ee48fdb28 mode 0
Event: 7.602 Thread 0x000002104788c000 DEOPT PACKING pc=0x000002103289661d sp=0x0000007ee47fdb20
Event: 7.602 Thread 0x000002104788c000 DEOPT UNPACKING pc=0x0000021031ef9d0e sp=0x0000007ee47fd298 mode 0
Event: 7.613 Thread 0x0000021047a57800 DEOPT PACKING pc=0x000002103289661d sp=0x0000007ee4afdfd0
Event: 7.613 Thread 0x0000021047a57800 DEOPT UNPACKING pc=0x0000021031ef9d0e sp=0x0000007ee4afd768 mode 0
Event: 7.617 Thread 0x0000021047a57800 DEOPT PACKING pc=0x000002103289661d sp=0x0000007ee4afdfd0
Event: 7.617 Thread 0x0000021047a57800 DEOPT UNPACKING pc=0x0000021031ef9d0e sp=0x0000007ee4afd768 mode 0
Event: 7.621 Thread 0x000002104788c000 DEOPT PACKING pc=0x000002103289661d sp=0x0000007ee47fe0e0
Event: 7.621 Thread 0x000002104788c000 DEOPT UNPACKING pc=0x0000021031ef9d0e sp=0x0000007ee47fd878 mode 0
Event: 7.625 Thread 0x000002104788c000 DEOPT PACKING pc=0x000002103289661d sp=0x0000007ee47fe0e0
Event: 7.625 Thread 0x000002104788c000 DEOPT UNPACKING pc=0x0000021031ef9d0e sp=0x0000007ee47fd878 mode 0
Event: 7.630 Thread 0x0000021047a57800 DEOPT PACKING pc=0x000002103289661d sp=0x0000007ee4afdfd0
Event: 7.630 Thread 0x0000021047a57800 DEOPT UNPACKING pc=0x0000021031ef9d0e sp=0x0000007ee4afd768 mode 0
Event: 7.638 Thread 0x0000021047890000 DEOPT PACKING pc=0x0000021032896ade sp=0x0000007ee49fde50
Event: 7.638 Thread 0x0000021047890000 DEOPT UNPACKING pc=0x0000021031ef9d0e sp=0x0000007ee49fd5f0 mode 0
Event: 7.646 Thread 0x0000021047a57800 DEOPT PACKING pc=0x000002103289661d sp=0x0000007ee4afdfd0
Event: 7.646 Thread 0x0000021047a57800 DEOPT UNPACKING pc=0x0000021031ef9d0e sp=0x0000007ee4afd768 mode 0

Classes redefined (0 events):
No events

Internal exceptions (20 events):
Event: 3.655 Thread 0x0000021047a57800 Exception <a 'java/lang/NoSuchMethodError'{0x00000000ce22f0d0}: 'long java.lang.invoke.DirectMethodHandle$Holder.invokeStatic(java.lang.Object, java.lang.Object)'> (0x00000000ce22f0d0) thrown at [./src/hotspot/share/interpreter/linkResolver.cpp, line 773]
Event: 3.655 Thread 0x0000021047890000 Exception <a 'java/lang/NoSuchMethodError'{0x00000000ce0c07b8}: 'long java.lang.invoke.DirectMethodHandle$Holder.invokeStatic(java.lang.Object, java.lang.Object)'> (0x00000000ce0c07b8) thrown at [./src/hotspot/share/interpreter/linkResolver.cpp, line 773]
Event: 3.655 Thread 0x000002104788c000 Exception <a 'java/lang/NoSuchMethodError'{0x00000000ce1ee648}: 'long java.lang.invoke.DirectMethodHandle$Holder.invokeStatic(java.lang.Object, java.lang.Object)'> (0x00000000ce1ee648) thrown at [./src/hotspot/share/interpreter/linkResolver.cpp, line 773]
Event: 3.656 Thread 0x0000021047890000 Exception <a 'java/lang/NoSuchMethodError'{0x00000000ce0c3338}: 'long java.lang.invoke.DirectMethodHandle$Holder.invokeStaticInit(java.lang.Object, java.lang.Object)'> (0x00000000ce0c3338) thrown at [./src/hotspot/share/interpreter/linkResolver.cpp, line 773]
Event: 3.656 Thread 0x000002104788c000 Exception <a 'java/lang/NoSuchMethodError'{0x00000000ce1f11a0}: 'long java.lang.invoke.DirectMethodHandle$Holder.invokeStaticInit(java.lang.Object, java.lang.Object)'> (0x00000000ce1f11a0) thrown at [./src/hotspot/share/interpreter/linkResolver.cpp, line 773]
Event: 3.656 Thread 0x000002104788d000 Exception <a 'java/lang/NoSuchMethodError'{0x00000000ce050c40}: 'long java.lang.invoke.DirectMethodHandle$Holder.invokeStaticInit(java.lang.Object, java.lang.Object)'> (0x00000000ce050c40) thrown at [./src/hotspot/share/interpreter/linkResolver.cpp, line 773]
Event: 3.656 Thread 0x0000021047a57800 Exception <a 'java/lang/NoSuchMethodError'{0x00000000ce231eb0}: 'long java.lang.invoke.DirectMethodHandle$Holder.invokeStaticInit(java.lang.Object, java.lang.Object)'> (0x00000000ce231eb0) thrown at [./src/hotspot/share/interpreter/linkResolver.cpp, line 773]
Event: 4.024 Thread 0x000002104788d000 Exception <a 'java/lang/NoSuchMethodError'{0x00000000cb8030b0}: 'void java.lang.invoke.DirectMethodHandle$Holder.invokeSpecial(java.lang.Object, java.lang.Object, java.lang.Object, java.lang.Object, java.lang.Object)'> (0x00000000cb8030b0) thrown at [./src/hotspot/share/interpreter/linkResolver.cpp, line 773]
Event: 4.024 Thread 0x000002104788c000 Exception <a 'java/lang/NoSuchMethodError'{0x00000000cb700928}: 'void java.lang.invoke.DirectMethodHandle$Holder.invokeSpecial(java.lang.Object, java.lang.Object, java.lang.Object, java.lang.Object, java.lang.Object)'> (0x00000000cb700928) thrown at [./src/hotspot/share/interpreter/linkResolver.cpp, line 773]
Event: 4.025 Thread 0x0000021047890000 Exception <a 'java/lang/NoSuchMethodError'{0x00000000cb886ca0}: 'void java.lang.invoke.DirectMethodHandle$Holder.invokeSpecial(java.lang.Object, java.lang.Object, java.lang.Object, java.lang.Object, java.lang.Object)'> (0x00000000cb886ca0) thrown at [./src/hotspot/share/interpreter/linkResolver.cpp, line 773]
Event: 4.025 Thread 0x0000021047a57800 Exception <a 'java/lang/NoSuchMethodError'{0x00000000cb9b4a60}: 'void java.lang.invoke.DirectMethodHandle$Holder.invokeSpecial(java.lang.Object, java.lang.Object, java.lang.Object, java.lang.Object, java.lang.Object)'> (0x00000000cb9b4a60) thrown at [./src/hotspot/share/interpreter/linkResolver.cpp, line 773]
Event: 5.760 Thread 0x000002102979b000 Exception <a 'java/lang/NoSuchMethodError'{0x00000000d349ec38}: 'int java.lang.invoke.DirectMethodHandle$Holder.invokeSpecial(java.lang.Object, java.lang.Object, java.lang.Object, java.lang.Object)'> (0x00000000d349ec38) thrown at [./src/hotspot/share/interpreter/linkResolver.cpp, line 773]
Event: 5.788 Thread 0x000002102979b000 Exception <a 'java/lang/NoSuchMethodError'{0x00000000d33094f0}: 'void java.lang.invoke.DirectMethodHandle$Holder.invokeSpecial(java.lang.Object, java.lang.Object)'> (0x00000000d33094f0) thrown at [./src/hotspot/share/interpreter/linkResolver.cpp, line 773]
Event: 5.866 Thread 0x000002102979b000 Exception <a 'java/lang/IncompatibleClassChangeError'{0x00000000d33f1c98}: Found class java.lang.Object, but interface was expected> (0x00000000d33f1c98) thrown at [./src/hotspot/share/interpreter/linkResolver.cpp, line 839]
Event: 5.868 Thread 0x000002102979b000 Exception <a 'java/lang/NoSuchMethodError'{0x00000000d33f6a38}: 'java.lang.Object java.lang.invoke.DirectMethodHandle$Holder.invokeStatic(java.lang.Object, java.lang.Object, java.lang.Object, int)'> (0x00000000d33f6a38) thrown at [./src/hotspot/share/interpreter/linkResolver.cpp, line 773]
Event: 5.872 Thread 0x000002102979b000 Exception <a 'java/lang/NoSuchMethodError'{0x00000000d3204658}: 'void java.lang.invoke.DirectMethodHandle$Holder.invokeStatic(java.lang.Object, java.lang.Object, java.lang.Object, java.lang.Object, java.lang.Object, java.lang.Object)'> (0x00000000d3204658) thrown at [./src/hotspot/share/interpreter/linkResolver.cpp, line 773]
Event: 5.877 Thread 0x000002102979b000 Exception <a 'java/lang/NoSuchMethodError'{0x00000000d3212930}: 'java.lang.Object java.lang.invoke.Invokers$Holder.linkToTargetMethod(java.lang.Object, java.lang.Object, int, java.lang.Object)'> (0x00000000d3212930) thrown at [./src/hotspot/share/interpreter/linkResolver.cpp, line 773]
Event: 6.037 Thread 0x0000021047890000 Implicit null exception at 0x0000021039a4856c to 0x0000021039a48614
Event: 7.406 Thread 0x000002102979b000 Exception <a 'java/lang/NoSuchMethodError'{0x00000000d11741c8}: 'java.lang.Object java.lang.invoke.DirectMethodHandle$Holder.invokeStaticInit(java.lang.Object, java.lang.Object, java.lang.Object)'> (0x00000000d11741c8) thrown at [./src/hotspot/share/interpreter/linkResolver.cpp, line 773]
Event: 7.453 Thread 0x000002102979b000 Exception <a 'java/lang/NoSuchMethodError'{0x00000000d11ec468}: 'java.lang.Object java.lang.invoke.DirectMethodHandle$Holder.invokeStatic(java.lang.Object, int, java.lang.Object, java.lang.Object)'> (0x00000000d11ec468) thrown at [./src/hotspot/share/interpreter/linkResolver.cpp, line 773]

Events (20 events):
Event: 7.562 loading class com/android/tools/r8/graph/d3 done
Event: 7.562 loading class com/android/tools/r8/graph/d3
Event: 7.562 loading class com/android/tools/r8/graph/d3 done
Event: 7.562 loading class com/android/tools/r8/graph/d3
Event: 7.562 loading class com/android/tools/r8/graph/d3 done
Event: 7.562 loading class com/android/tools/r8/graph/d3
Event: 7.562 loading class com/android/tools/r8/graph/d3 done
Event: 7.563 loading class com/android/tools/r8/internal/A7
Event: 7.563 loading class com/android/tools/r8/internal/A7 done
Event: 7.563 loading class com/android/tools/r8/internal/hH
Event: 7.563 loading class com/android/tools/r8/internal/hH done
Event: 7.563 loading class com/android/tools/r8/internal/hH
Event: 7.563 loading class com/android/tools/r8/internal/hH done
Event: 7.563 loading class com/android/tools/r8/internal/hH
Event: 7.563 loading class com/android/tools/r8/internal/hH done
Event: 7.563 loading class com/android/tools/r8/internal/hH
Event: 7.563 loading class com/android/tools/r8/internal/hH done
Event: 7.599 loading class com/android/tools/r8/internal/gR
Event: 7.599 loading class com/android/tools/r8/internal/gR done
Event: 7.652 Executing VM operation: G1CollectForAllocation


Dynamic libraries:
0x00007ff6b91c0000 - 0x00007ff6b91cd000 	C:\Program Files\Microsoft\jdk-11.0.12.7-hotspot\bin\java.exe
0x00007fff52310000 - 0x00007fff52508000 	C:\WINDOWS\SYSTEM32\ntdll.dll
0x00007fff520a0000 - 0x00007fff5215d000 	C:\WINDOWS\System32\KERNEL32.DLL
0x00007fff4fe10000 - 0x00007fff500e2000 	C:\WINDOWS\System32\KERNELBASE.dll
0x00007fff4c6e0000 - 0x00007fff4c6f7000 	C:\Program Files\Microsoft\jdk-11.0.12.7-hotspot\bin\jli.dll
0x00007fff501b0000 - 0x00007fff502b0000 	C:\WINDOWS\System32\ucrtbase.dll
0x00007fff37af0000 - 0x00007fff37d8a000 	C:\WINDOWS\WinSxS\amd64_microsoft.windows.common-controls_6595b64144ccf1df_6.0.19041.1110_none_60b5254171f9507e\COMCTL32.dll
0x00007fff51a00000 - 0x00007fff51b9d000 	C:\WINDOWS\System32\USER32.dll
0x00007fff4c460000 - 0x00007fff4c475000 	C:\Program Files\Microsoft\jdk-11.0.12.7-hotspot\bin\VCRUNTIME140.dll
0x00007fff4fd30000 - 0x00007fff4fd52000 	C:\WINDOWS\System32\win32u.dll
0x00007fff50be0000 - 0x00007fff50c7e000 	C:\WINDOWS\System32\msvcrt.dll
0x00007fff50370000 - 0x00007fff5039b000 	C:\WINDOWS\System32\GDI32.dll
0x00007fff4fc20000 - 0x00007fff4fd2f000 	C:\WINDOWS\System32\gdi32full.dll
0x00007fff4fa20000 - 0x00007fff4fabd000 	C:\WINDOWS\System32\msvcp_win.dll
0x00007fff52220000 - 0x00007fff52250000 	C:\WINDOWS\System32\IMM32.DLL
0x00007ffe680a0000 - 0x00007ffe6813b000 	C:\Program Files\Microsoft\jdk-11.0.12.7-hotspot\bin\msvcp140.dll
0x00007ffe50060000 - 0x00007ffe50bc1000 	C:\Program Files\Microsoft\jdk-11.0.12.7-hotspot\bin\server\jvm.dll
0x00007fff50c80000 - 0x00007fff50d2e000 	C:\WINDOWS\System32\ADVAPI32.dll
0x00007fff50830000 - 0x00007fff508cc000 	C:\WINDOWS\System32\sechost.dll
0x00007fff504c0000 - 0x00007fff505e5000 	C:\WINDOWS\System32\RPCRT4.dll
0x00007fff519f0000 - 0x00007fff519f8000 	C:\WINDOWS\System32\PSAPI.DLL
0x00007fff31550000 - 0x00007fff31577000 	C:\WINDOWS\SYSTEM32\WINMM.dll
0x00007fff2dad0000 - 0x00007fff2dad9000 	C:\WINDOWS\SYSTEM32\WSOCK32.dll
0x00007fff51bc0000 - 0x00007fff51c2b000 	C:\WINDOWS\System32\WS2_32.dll
0x00007fff3ae10000 - 0x00007fff3ae1a000 	C:\WINDOWS\SYSTEM32\VERSION.dll
0x00007fff4d900000 - 0x00007fff4d912000 	C:\WINDOWS\SYSTEM32\kernel.appcore.dll
0x00007fff3d410000 - 0x00007fff3d420000 	C:\Program Files\Microsoft\jdk-11.0.12.7-hotspot\bin\verify.dll
0x00007fff4d590000 - 0x00007fff4d774000 	C:\WINDOWS\SYSTEM32\DBGHELP.DLL
0x00007fff33860000 - 0x00007fff3388c000 	C:\WINDOWS\SYSTEM32\dbgcore.DLL
0x00007fff50120000 - 0x00007fff501a2000 	C:\WINDOWS\System32\bcryptPrimitives.dll
0x00007fff168f0000 - 0x00007fff16918000 	C:\Program Files\Microsoft\jdk-11.0.12.7-hotspot\bin\java.dll
0x00007fff3d400000 - 0x00007fff3d40a000 	C:\Program Files\Microsoft\jdk-11.0.12.7-hotspot\bin\jimage.dll
0x00007fff054a0000 - 0x00007fff054b7000 	C:\Program Files\Microsoft\jdk-11.0.12.7-hotspot\bin\zip.dll
0x00007fff51240000 - 0x00007fff51983000 	C:\WINDOWS\System32\SHELL32.dll
0x00007fff4dff0000 - 0x00007fff4e781000 	C:\WINDOWS\SYSTEM32\windows.storage.dll
0x00007fff50d30000 - 0x00007fff51084000 	C:\WINDOWS\System32\combase.dll
0x00007fff4f2c0000 - 0x00007fff4f2f0000 	C:\WINDOWS\SYSTEM32\Wldp.dll
0x00007fff509c0000 - 0x00007fff50a6d000 	C:\WINDOWS\System32\SHCORE.dll
0x00007fff52160000 - 0x00007fff521b5000 	C:\WINDOWS\System32\shlwapi.dll
0x00007fff4f960000 - 0x00007fff4f97f000 	C:\WINDOWS\SYSTEM32\profapi.dll
0x00007fff05480000 - 0x00007fff05499000 	C:\Program Files\Microsoft\jdk-11.0.12.7-hotspot\bin\net.dll
0x00007fff4e960000 - 0x00007fff4ea6d000 	C:\WINDOWS\SYSTEM32\WINHTTP.dll
0x00007fff4f0a0000 - 0x00007fff4f10a000 	C:\WINDOWS\system32\mswsock.dll
0x00007ffef7030000 - 0x00007ffef7042000 	C:\Program Files\Microsoft\jdk-11.0.12.7-hotspot\bin\nio.dll

dbghelp: loaded successfully - version: 4.0.5 - missing functions: none
symbol engine: initialized successfully - sym options: 0x614 - pdb path: .;C:\Program Files\Microsoft\jdk-11.0.12.7-hotspot\bin;C:\WINDOWS\SYSTEM32;C:\WINDOWS\WinSxS\amd64_microsoft.windows.common-controls_6595b64144ccf1df_6.0.19041.1110_none_60b5254171f9507e;C:\Program Files\Microsoft\jdk-11.0.12.7-hotspot\bin\server

VM Arguments:
jvm_args: -Xmx1G 
java_command: com.android.tools.r8.D8 --debug --min-api 21 --output obj\Debug\net6.0-android\android\bin\ --lib C:\Program Files (x86)\Android\android-sdk\platforms\android-31\android.jar obj\Debug\net6.0-android\android\bin\classes.zip C:\Program Files\dotnet\packs\Microsoft.Android.Ref.31\32.0.448\ref\net6.0\mono.android.jar C:\Program Files\dotnet\packs\Microsoft.Android.Sdk.Windows\32.0.448\tools\java_runtime_fastdev_net6.jar C:\Users\pole0002\.nuget\packages\xamarin.jetbrains.annotations\23.0.0.3\buildTransitive\net6.0-android31.0\..\..\jar\org.jetbrains.annotations-23.0.0.jar C:\Users\pole0002\.nuget\packages\xamarin.kotlin.stdlib\1.6.20.1\buildTransitive\net6.0-android31.0\..\..\jar\org.jetbrains.kotlin.kotlin-stdlib-1.6.20.jar C:\Users\pole0002\.nuget\packages\xamarin.kotlin.stdlib.jdk7\1.6.20.1\buildTransitive\net6.0-android31.0\..\..\jar\org.jetbrains.kotlin.kotlin-stdlib-jdk7-1.6.20.jar C:\Users\pole0002\.nuget\packages\xamarin.kotlin.stdlib.jdk8\1.6.20.1\buildTransitive\net6.0-android31.0\..\..\jar\org.jetbrains.kotlin.kotlin-stdlib-jdk8-1.6.20.jar C:\Users\pole0002\.nuget\packages\xamarin.kotlinx.coroutines.core.jvm\1.6.0.1\buildTransitive\net6.0-android31.0\..\..\jar\org.jetbrains.kotlinx.kotlinx-coroutines-core-jvm-1.6.0.jar C:\Users\pole0002\.nuget\packages\xamarin.kotlinx.coroutines.android\1.6.0.1\buildTransitive\net6.0-android31.0\..\..\jar\org.jetbrains.kotlinx.kotlinx-coroutines-android-1.6.0.jar C:\Users\pole0002\.nuget\packages\xamarin.google.guava.listenablefuture\1.0.0.5\buildTransitive\net6.0-android31.0\..\..\jar\guava-listenablefuture.jar C:\Users\pole0002\.nuget\packages\xamarin.androidx.annotation\1.3.0.3\buildTransitive\net6.0-android31.0\..\..\jar\androidx.annotation.annotation.jar C:\Users\pole0002\.nuget\packages\xamarin.androidx.collection\1.2.0.3\buildTransitive\net6.0-android31.0\..\..\jar\androidx.collection.collection.jar C:\Users\pole0002\.nuget\packages\xamarin.androidx.lifecycle.common\2.4.1.1\buildTransitive\net6.0-androi
java_class_path (initial): C:\Program Files\dotnet\packs\Microsoft.Android.Sdk.Windows\32.0.448\tools\r8.jar
Launcher Type: SUN_STANDARD

[Global flags]
     intx CICompilerCount                          = 4                                         {product} {ergonomic}
     uint ConcGCThreads                            = 2                                         {product} {ergonomic}
     uint G1ConcRefinementThreads                  = 8                                         {product} {ergonomic}
   size_t G1HeapRegionSize                         = 1048576                                   {product} {ergonomic}
    uintx GCDrainStackTargetSize                   = 64                                        {product} {ergonomic}
   size_t InitialHeapSize                          = 264241152                                 {product} {ergonomic}
   size_t MarkStackSize                            = 4194304                                   {product} {ergonomic}
   size_t MaxHeapSize                              = 1073741824                                {product} {command line}
   size_t MaxNewSize                               = 643825664                                 {product} {ergonomic}
   size_t MinHeapDeltaBytes                        = 1048576                                   {product} {ergonomic}
    uintx NonNMethodCodeHeapSize                   = 5836300                                {pd product} {ergonomic}
    uintx NonProfiledCodeHeapSize                  = 122910970                              {pd product} {ergonomic}
    uintx ProfiledCodeHeapSize                     = 122910970                              {pd product} {ergonomic}
    uintx ReservedCodeCacheSize                    = 251658240                              {pd product} {ergonomic}
     bool SegmentedCodeCache                       = true                                      {product} {ergonomic}
     bool UseCompressedClassPointers               = true                                 {lp64_product} {ergonomic}
     bool UseCompressedOops                        = true                                 {lp64_product} {ergonomic}
     bool UseG1GC                                  = true                                      {product} {ergonomic}
     bool UseLargePagesIndividualAllocation        = false                                  {pd product} {ergonomic}

Logging:
Log output configuration:
 #0: stdout all=warning uptime,level,tags
 #1: stderr all=off uptime,level,tags

Environment Variables:
JAVA_HOME=C:\Program Files\Microsoft\jdk-11.0.12.7-hotspot
PATH=C:\Program Files\AdoptOpenJDK\bin;C:\Program Files\Microsoft\jdk-11.0.12.7-hotspot\bin;C:\WINDOWS\system32;C:\WINDOWS;C:\WINDOWS\System32\Wbem;C:\WINDOWS\System32\WindowsPowerShell\v1.0\;C:\WINDOWS\System32\OpenSSH\;C:\Program Files\dotnet\;C:\Program Files\Microsoft SQL Server\Client SDK\ODBC\170\Tools\Binn\;C:\Program Files\Microsoft SQL Server\150\Tools\Binn\;C:\ProgramData\chocolatey\bin;C:\Program Files (x86)\Microsoft SQL Server\150\Tools\Binn\;C:\Program Files\Microsoft SQL Server\150\DTS\Binn\;C:\Users\pole0002\AppData\Local\Microsoft\WindowsApps;;C:\Users\pole0002\.dotnet\tools
USERNAME=pole0002
OS=Windows_NT
PROCESSOR_IDENTIFIER=Intel64 Family 6 Model 140 Stepping 1, GenuineIntel



---------------  S Y S T E M  ---------------

OS: Windows 10 , 64 bit Build 19041 (10.0.19041.1889)
OS uptime: 1 days 8:14 hours
Hyper-V role detected

CPU:total 8 (initial active 8) (4 cores per cpu, 2 threads per core) family 6 model 140 stepping 1 microcode 0xa4, cmov, cx8, fxsr, mmx, sse, sse2, sse3, ssse3, sse4.1, sse4.2, popcnt, avx, avx2, aes, clmul, erms, 3dnowpref, lzcnt, ht, tsc, tscinvbit, bmi1, bmi2, adx, evex, sha, fma

Memory: 4k page, system-wide physical 16106M (1272M free)
TotalPageFile size 30479M (AvailPageFile size 56M)
current process WorkingSet (physical memory assigned to process): 442M, peak: 444M
current process commit charge ("private bytes"): 499M, peak: 614M

vm_info: OpenJDK 64-Bit Server VM (11.0.12+7) for windows-amd64 JRE (11.0.12+7), built on Jul 21 2021 15:41:43 by "" with unknown MS VC++:1916

END.
